[2017-07-31 18:48:14] 0    [main] INFO  domain.SimpleDomainConfig  - [SQL UPDATE] ALTER TABLE `OtherBehvStats` MODIFY COLUMN `num` double precision DEFAULT 0
[2017-07-31 18:48:14] 48   [main] INFO  domain.SimpleDomainConfig  - [SQL UPDATE] ALTER TABLE `ResAllStats` MODIFY COLUMN `num` double precision DEFAULT 0
[2017-07-31 18:48:15] 1394 [main] INFO  gms  - handleConnectors key=10.10.10.33_9102
[2017-07-31 18:48:15] 1395 [main] INFO  gms  - handleConnectors2 matched!
[2017-07-31 18:48:16] 1597 [main] INFO  gms  - handleConnectors key=10.10.10.33_9102
[2017-07-31 18:48:16] 1597 [main] INFO  gms  - handleConnectors2 matched!
[2017-07-31 18:48:16] 1604 [pool-9-thread-1] INFO  gms  - gas connected! channel= [id: 0xa86f034f, /10.10.10.33:55278 => /10.10.10.33:9102] Thread[pool-9-thread-1,5,main]
[2017-07-31 18:48:16] 1610 [pool-9-thread-1] INFO  gms  - registFile on server connected! keyName=android_2 2 android
[2017-07-31 18:48:16] 1610 [pool-9-thread-1] WARN  gms  - File is exists! keyName=android_2
[2017-07-31 18:48:16] 1610 [pool-9-thread-1] INFO  gms  - registFile on server connected! keyName=测试_1 1 测试
[2017-07-31 18:48:16] 1610 [pool-9-thread-1] WARN  gms  - File is exists! keyName=测试_1
[2017-07-31 18:48:21] 6821 [89766842@qtp-1580893732-4] INFO  gms  - doLogin username=gongadmin
[2017-07-31 19:49:19] 3664928 [pool-4-thread-1] WARN  simple.SingleSimpleRpcClient  - [GasClient_10.10.10.33_9102] single simple rpc connection sleep 10.0s to reconnect...
[2017-07-31 19:49:19] 3664929 [pool-9-thread-122] WARN  gms  - gas disconnected! channel= [id: 0xa86f034f, /10.10.10.33:55278 :> /10.10.10.33:9102] Thread[pool-9-thread-122,5,main]
[2017-07-31 19:49:29] 3674937 [New I/O boss #17] ERROR simple.SingleSimpleRpcClient  - [GasClient_10.10.10.33_9102] connect to rpc server error and sleep 5.0s to retry#1
java.net.ConnectException: Connection refused: /10.10.10.33:9102
	at sun.nio.ch.SocketChannelImpl.checkConnect(Native Method)
	at sun.nio.ch.SocketChannelImpl.finishConnect(SocketChannelImpl.java:717)
	at org.jboss.netty.channel.socket.nio.NioClientBoss.connect(NioClientBoss.java:152)
	at org.jboss.netty.channel.socket.nio.NioClientBoss.processSelectedKeys(NioClientBoss.java:105)
	at org.jboss.netty.channel.socket.nio.NioClientBoss.process(NioClientBoss.java:79)
	at org.jboss.netty.channel.socket.nio.AbstractNioSelector.run(AbstractNioSelector.java:337)
	at org.jboss.netty.channel.socket.nio.NioClientBoss.run(NioClientBoss.java:42)
	at org.jboss.netty.util.ThreadRenamingRunnable.run(ThreadRenamingRunnable.java:108)
	at org.jboss.netty.util.internal.DeadLockProofWorker$1.run(DeadLockProofWorker.java:42)
	at java.util.concurrent.ThreadPoolExecutor.runWorker(ThreadPoolExecutor.java:1142)
	at java.util.concurrent.ThreadPoolExecutor$Worker.run(ThreadPoolExecutor.java:617)
	at java.lang.Thread.run(Thread.java:745)
[2017-07-31 19:49:34] 3679945 [pool-9-thread-122] ERROR iohandler.SimpleRpcClientIoHandler  - [GasClient_10.10.10.33_9102] catch exception for channel: -318349303
java.net.ConnectException: Connection refused: /10.10.10.33:9102
	at sun.nio.ch.SocketChannelImpl.checkConnect(Native Method)
	at sun.nio.ch.SocketChannelImpl.finishConnect(SocketChannelImpl.java:717)
	at org.jboss.netty.channel.socket.nio.NioClientBoss.connect(NioClientBoss.java:152)
	at org.jboss.netty.channel.socket.nio.NioClientBoss.processSelectedKeys(NioClientBoss.java:105)
	at org.jboss.netty.channel.socket.nio.NioClientBoss.process(NioClientBoss.java:79)
	at org.jboss.netty.channel.socket.nio.AbstractNioSelector.run(AbstractNioSelector.java:337)
	at org.jboss.netty.channel.socket.nio.NioClientBoss.run(NioClientBoss.java:42)
	at org.jboss.netty.util.ThreadRenamingRunnable.run(ThreadRenamingRunnable.java:108)
	at org.jboss.netty.util.internal.DeadLockProofWorker$1.run(DeadLockProofWorker.java:42)
	at java.util.concurrent.ThreadPoolExecutor.runWorker(ThreadPoolExecutor.java:1142)
	at java.util.concurrent.ThreadPoolExecutor$Worker.run(ThreadPoolExecutor.java:617)
	at java.lang.Thread.run(Thread.java:745)
[2017-07-31 19:49:34] 3679945 [New I/O boss #17] ERROR simple.SingleSimpleRpcClient  - [GasClient_10.10.10.33_9102] connect to rpc server error and sleep 5.0s to retry#2
java.net.ConnectException: Connection refused: /10.10.10.33:9102
	at sun.nio.ch.SocketChannelImpl.checkConnect(Native Method)
	at sun.nio.ch.SocketChannelImpl.finishConnect(SocketChannelImpl.java:717)
	at org.jboss.netty.channel.socket.nio.NioClientBoss.connect(NioClientBoss.java:152)
	at org.jboss.netty.channel.socket.nio.NioClientBoss.processSelectedKeys(NioClientBoss.java:105)
	at org.jboss.netty.channel.socket.nio.NioClientBoss.process(NioClientBoss.java:79)
	at org.jboss.netty.channel.socket.nio.AbstractNioSelector.run(AbstractNioSelector.java:337)
	at org.jboss.netty.channel.socket.nio.NioClientBoss.run(NioClientBoss.java:42)
	at org.jboss.netty.util.ThreadRenamingRunnable.run(ThreadRenamingRunnable.java:108)
	at org.jboss.netty.util.internal.DeadLockProofWorker$1.run(DeadLockProofWorker.java:42)
	at java.util.concurrent.ThreadPoolExecutor.runWorker(ThreadPoolExecutor.java:1142)
	at java.util.concurrent.ThreadPoolExecutor$Worker.run(ThreadPoolExecutor.java:617)
	at java.lang.Thread.run(Thread.java:745)
[2017-07-31 19:49:39] 3684949 [pool-9-thread-122] ERROR iohandler.SimpleRpcClientIoHandler  - [GasClient_10.10.10.33_9102] catch exception for channel: -1220304757
java.net.ConnectException: Connection refused: /10.10.10.33:9102
	at sun.nio.ch.SocketChannelImpl.checkConnect(Native Method)
	at sun.nio.ch.SocketChannelImpl.finishConnect(SocketChannelImpl.java:717)
	at org.jboss.netty.channel.socket.nio.NioClientBoss.connect(NioClientBoss.java:152)
	at org.jboss.netty.channel.socket.nio.NioClientBoss.processSelectedKeys(NioClientBoss.java:105)
	at org.jboss.netty.channel.socket.nio.NioClientBoss.process(NioClientBoss.java:79)
	at org.jboss.netty.channel.socket.nio.AbstractNioSelector.run(AbstractNioSelector.java:337)
	at org.jboss.netty.channel.socket.nio.NioClientBoss.run(NioClientBoss.java:42)
	at org.jboss.netty.util.ThreadRenamingRunnable.run(ThreadRenamingRunnable.java:108)
	at org.jboss.netty.util.internal.DeadLockProofWorker$1.run(DeadLockProofWorker.java:42)
	at java.util.concurrent.ThreadPoolExecutor.runWorker(ThreadPoolExecutor.java:1142)
	at java.util.concurrent.ThreadPoolExecutor$Worker.run(ThreadPoolExecutor.java:617)
	at java.lang.Thread.run(Thread.java:745)
[2017-07-31 19:49:39] 3684949 [New I/O boss #17] ERROR simple.SingleSimpleRpcClient  - [GasClient_10.10.10.33_9102] connect to rpc server error and sleep 5.0s to retry#3
java.net.ConnectException: Connection refused: /10.10.10.33:9102
	at sun.nio.ch.SocketChannelImpl.checkConnect(Native Method)
	at sun.nio.ch.SocketChannelImpl.finishConnect(SocketChannelImpl.java:717)
	at org.jboss.netty.channel.socket.nio.NioClientBoss.connect(NioClientBoss.java:152)
	at org.jboss.netty.channel.socket.nio.NioClientBoss.processSelectedKeys(NioClientBoss.java:105)
	at org.jboss.netty.channel.socket.nio.NioClientBoss.process(NioClientBoss.java:79)
	at org.jboss.netty.channel.socket.nio.AbstractNioSelector.run(AbstractNioSelector.java:337)
	at org.jboss.netty.channel.socket.nio.NioClientBoss.run(NioClientBoss.java:42)
	at org.jboss.netty.util.ThreadRenamingRunnable.run(ThreadRenamingRunnable.java:108)
	at org.jboss.netty.util.internal.DeadLockProofWorker$1.run(DeadLockProofWorker.java:42)
	at java.util.concurrent.ThreadPoolExecutor.runWorker(ThreadPoolExecutor.java:1142)
	at java.util.concurrent.ThreadPoolExecutor$Worker.run(ThreadPoolExecutor.java:617)
	at java.lang.Thread.run(Thread.java:745)
[2017-07-31 19:49:44] 3689952 [pool-9-thread-122] ERROR iohandler.SimpleRpcClientIoHandler  - [GasClient_10.10.10.33_9102] catch exception for channel: 1670305930
java.net.ConnectException: Connection refused: /10.10.10.33:9102
	at sun.nio.ch.SocketChannelImpl.checkConnect(Native Method)
	at sun.nio.ch.SocketChannelImpl.finishConnect(SocketChannelImpl.java:717)
	at org.jboss.netty.channel.socket.nio.NioClientBoss.connect(NioClientBoss.java:152)
	at org.jboss.netty.channel.socket.nio.NioClientBoss.processSelectedKeys(NioClientBoss.java:105)
	at org.jboss.netty.channel.socket.nio.NioClientBoss.process(NioClientBoss.java:79)
	at org.jboss.netty.channel.socket.nio.AbstractNioSelector.run(AbstractNioSelector.java:337)
	at org.jboss.netty.channel.socket.nio.NioClientBoss.run(NioClientBoss.java:42)
	at org.jboss.netty.util.ThreadRenamingRunnable.run(ThreadRenamingRunnable.java:108)
	at org.jboss.netty.util.internal.DeadLockProofWorker$1.run(DeadLockProofWorker.java:42)
	at java.util.concurrent.ThreadPoolExecutor.runWorker(ThreadPoolExecutor.java:1142)
	at java.util.concurrent.ThreadPoolExecutor$Worker.run(ThreadPoolExecutor.java:617)
	at java.lang.Thread.run(Thread.java:745)
[2017-07-31 19:49:44] 3689953 [New I/O boss #17] ERROR simple.SingleSimpleRpcClient  - java.util.concurrent.ExecutionException: com.hadoit.game.engine.core.rpc.base.exception.RpcConnectException: [GasClient_10.10.10.33_9102] connect to rpc server error and reaches max retries!
[2017-07-31 19:49:44] 3689953 [pool-4-thread-1] WARN  simple.SingleSimpleRpcClient  - [GasClient_10.10.10.33_9102] single simple rpc connection sleep 10.0s to reconnect...
[2017-07-31 19:49:44] 3689954 [pool-9-thread-122] ERROR iohandler.SimpleRpcClientIoHandler  - [GasClient_10.10.10.33_9102] catch exception for channel: -1687704930
java.net.ConnectException: Connection refused: /10.10.10.33:9102
	at sun.nio.ch.SocketChannelImpl.checkConnect(Native Method)
	at sun.nio.ch.SocketChannelImpl.finishConnect(SocketChannelImpl.java:717)
	at org.jboss.netty.channel.socket.nio.NioClientBoss.connect(NioClientBoss.java:152)
	at org.jboss.netty.channel.socket.nio.NioClientBoss.processSelectedKeys(NioClientBoss.java:105)
	at org.jboss.netty.channel.socket.nio.NioClientBoss.process(NioClientBoss.java:79)
	at org.jboss.netty.channel.socket.nio.AbstractNioSelector.run(AbstractNioSelector.java:337)
	at org.jboss.netty.channel.socket.nio.NioClientBoss.run(NioClientBoss.java:42)
	at org.jboss.netty.util.ThreadRenamingRunnable.run(ThreadRenamingRunnable.java:108)
	at org.jboss.netty.util.internal.DeadLockProofWorker$1.run(DeadLockProofWorker.java:42)
	at java.util.concurrent.ThreadPoolExecutor.runWorker(ThreadPoolExecutor.java:1142)
	at java.util.concurrent.ThreadPoolExecutor$Worker.run(ThreadPoolExecutor.java:617)
	at java.lang.Thread.run(Thread.java:745)
[2017-07-31 19:49:54] 3699959 [New I/O boss #17] ERROR simple.SingleSimpleRpcClient  - [GasClient_10.10.10.33_9102] connect to rpc server error and sleep 5.0s to retry#1
java.net.ConnectException: Connection refused: /10.10.10.33:9102
	at sun.nio.ch.SocketChannelImpl.checkConnect(Native Method)
	at sun.nio.ch.SocketChannelImpl.finishConnect(SocketChannelImpl.java:717)
	at org.jboss.netty.channel.socket.nio.NioClientBoss.connect(NioClientBoss.java:152)
	at org.jboss.netty.channel.socket.nio.NioClientBoss.processSelectedKeys(NioClientBoss.java:105)
	at org.jboss.netty.channel.socket.nio.NioClientBoss.process(NioClientBoss.java:79)
	at org.jboss.netty.channel.socket.nio.AbstractNioSelector.run(AbstractNioSelector.java:337)
	at org.jboss.netty.channel.socket.nio.NioClientBoss.run(NioClientBoss.java:42)
	at org.jboss.netty.util.ThreadRenamingRunnable.run(ThreadRenamingRunnable.java:108)
	at org.jboss.netty.util.internal.DeadLockProofWorker$1.run(DeadLockProofWorker.java:42)
	at java.util.concurrent.ThreadPoolExecutor.runWorker(ThreadPoolExecutor.java:1142)
	at java.util.concurrent.ThreadPoolExecutor$Worker.run(ThreadPoolExecutor.java:617)
	at java.lang.Thread.run(Thread.java:745)
[2017-07-31 19:49:59] 3704964 [pool-9-thread-122] ERROR iohandler.SimpleRpcClientIoHandler  - [GasClient_10.10.10.33_9102] catch exception for channel: -1512403075
java.net.ConnectException: Connection refused: /10.10.10.33:9102
	at sun.nio.ch.SocketChannelImpl.checkConnect(Native Method)
	at sun.nio.ch.SocketChannelImpl.finishConnect(SocketChannelImpl.java:717)
	at org.jboss.netty.channel.socket.nio.NioClientBoss.connect(NioClientBoss.java:152)
	at org.jboss.netty.channel.socket.nio.NioClientBoss.processSelectedKeys(NioClientBoss.java:105)
	at org.jboss.netty.channel.socket.nio.NioClientBoss.process(NioClientBoss.java:79)
	at org.jboss.netty.channel.socket.nio.AbstractNioSelector.run(AbstractNioSelector.java:337)
	at org.jboss.netty.channel.socket.nio.NioClientBoss.run(NioClientBoss.java:42)
	at org.jboss.netty.util.ThreadRenamingRunnable.run(ThreadRenamingRunnable.java:108)
	at org.jboss.netty.util.internal.DeadLockProofWorker$1.run(DeadLockProofWorker.java:42)
	at java.util.concurrent.ThreadPoolExecutor.runWorker(ThreadPoolExecutor.java:1142)
	at java.util.concurrent.ThreadPoolExecutor$Worker.run(ThreadPoolExecutor.java:617)
	at java.lang.Thread.run(Thread.java:745)
[2017-07-31 19:49:59] 3704964 [New I/O boss #17] ERROR simple.SingleSimpleRpcClient  - [GasClient_10.10.10.33_9102] connect to rpc server error and sleep 5.0s to retry#2
java.net.ConnectException: Connection refused: /10.10.10.33:9102
	at sun.nio.ch.SocketChannelImpl.checkConnect(Native Method)
	at sun.nio.ch.SocketChannelImpl.finishConnect(SocketChannelImpl.java:717)
	at org.jboss.netty.channel.socket.nio.NioClientBoss.connect(NioClientBoss.java:152)
	at org.jboss.netty.channel.socket.nio.NioClientBoss.processSelectedKeys(NioClientBoss.java:105)
	at org.jboss.netty.channel.socket.nio.NioClientBoss.process(NioClientBoss.java:79)
	at org.jboss.netty.channel.socket.nio.AbstractNioSelector.run(AbstractNioSelector.java:337)
	at org.jboss.netty.channel.socket.nio.NioClientBoss.run(NioClientBoss.java:42)
	at org.jboss.netty.util.ThreadRenamingRunnable.run(ThreadRenamingRunnable.java:108)
	at org.jboss.netty.util.internal.DeadLockProofWorker$1.run(DeadLockProofWorker.java:42)
	at java.util.concurrent.ThreadPoolExecutor.runWorker(ThreadPoolExecutor.java:1142)
	at java.util.concurrent.ThreadPoolExecutor$Worker.run(ThreadPoolExecutor.java:617)
	at java.lang.Thread.run(Thread.java:745)
[2017-07-31 19:50:04] 3709968 [pool-9-thread-122] ERROR iohandler.SimpleRpcClientIoHandler  - [GasClient_10.10.10.33_9102] catch exception for channel: 1109123789
java.net.ConnectException: Connection refused: /10.10.10.33:9102
	at sun.nio.ch.SocketChannelImpl.checkConnect(Native Method)
	at sun.nio.ch.SocketChannelImpl.finishConnect(SocketChannelImpl.java:717)
	at org.jboss.netty.channel.socket.nio.NioClientBoss.connect(NioClientBoss.java:152)
	at org.jboss.netty.channel.socket.nio.NioClientBoss.processSelectedKeys(NioClientBoss.java:105)
	at org.jboss.netty.channel.socket.nio.NioClientBoss.process(NioClientBoss.java:79)
	at org.jboss.netty.channel.socket.nio.AbstractNioSelector.run(AbstractNioSelector.java:337)
	at org.jboss.netty.channel.socket.nio.NioClientBoss.run(NioClientBoss.java:42)
	at org.jboss.netty.util.ThreadRenamingRunnable.run(ThreadRenamingRunnable.java:108)
	at org.jboss.netty.util.internal.DeadLockProofWorker$1.run(DeadLockProofWorker.java:42)
	at java.util.concurrent.ThreadPoolExecutor.runWorker(ThreadPoolExecutor.java:1142)
	at java.util.concurrent.ThreadPoolExecutor$Worker.run(ThreadPoolExecutor.java:617)
	at java.lang.Thread.run(Thread.java:745)
[2017-07-31 19:50:04] 3709969 [New I/O boss #17] ERROR simple.SingleSimpleRpcClient  - [GasClient_10.10.10.33_9102] connect to rpc server error and sleep 5.0s to retry#3
java.net.ConnectException: Connection refused: /10.10.10.33:9102
	at sun.nio.ch.SocketChannelImpl.checkConnect(Native Method)
	at sun.nio.ch.SocketChannelImpl.finishConnect(SocketChannelImpl.java:717)
	at org.jboss.netty.channel.socket.nio.NioClientBoss.connect(NioClientBoss.java:152)
	at org.jboss.netty.channel.socket.nio.NioClientBoss.processSelectedKeys(NioClientBoss.java:105)
	at org.jboss.netty.channel.socket.nio.NioClientBoss.process(NioClientBoss.java:79)
	at org.jboss.netty.channel.socket.nio.AbstractNioSelector.run(AbstractNioSelector.java:337)
	at org.jboss.netty.channel.socket.nio.NioClientBoss.run(NioClientBoss.java:42)
	at org.jboss.netty.util.ThreadRenamingRunnable.run(ThreadRenamingRunnable.java:108)
	at org.jboss.netty.util.internal.DeadLockProofWorker$1.run(DeadLockProofWorker.java:42)
	at java.util.concurrent.ThreadPoolExecutor.runWorker(ThreadPoolExecutor.java:1142)
	at java.util.concurrent.ThreadPoolExecutor$Worker.run(ThreadPoolExecutor.java:617)
	at java.lang.Thread.run(Thread.java:745)
[2017-07-31 19:50:09] 3714974 [pool-9-thread-122] ERROR iohandler.SimpleRpcClientIoHandler  - [GasClient_10.10.10.33_9102] catch exception for channel: 1609269743
java.net.ConnectException: Connection refused: /10.10.10.33:9102
	at sun.nio.ch.SocketChannelImpl.checkConnect(Native Method)
	at sun.nio.ch.SocketChannelImpl.finishConnect(SocketChannelImpl.java:717)
	at org.jboss.netty.channel.socket.nio.NioClientBoss.connect(NioClientBoss.java:152)
	at org.jboss.netty.channel.socket.nio.NioClientBoss.processSelectedKeys(NioClientBoss.java:105)
	at org.jboss.netty.channel.socket.nio.NioClientBoss.process(NioClientBoss.java:79)
	at org.jboss.netty.channel.socket.nio.AbstractNioSelector.run(AbstractNioSelector.java:337)
	at org.jboss.netty.channel.socket.nio.NioClientBoss.run(NioClientBoss.java:42)
	at org.jboss.netty.util.ThreadRenamingRunnable.run(ThreadRenamingRunnable.java:108)
	at org.jboss.netty.util.internal.DeadLockProofWorker$1.run(DeadLockProofWorker.java:42)
	at java.util.concurrent.ThreadPoolExecutor.runWorker(ThreadPoolExecutor.java:1142)
	at java.util.concurrent.ThreadPoolExecutor$Worker.run(ThreadPoolExecutor.java:617)
	at java.lang.Thread.run(Thread.java:745)
[2017-07-31 19:50:09] 3714975 [New I/O boss #17] ERROR simple.SingleSimpleRpcClient  - java.util.concurrent.ExecutionException: com.hadoit.game.engine.core.rpc.base.exception.RpcConnectException: [GasClient_10.10.10.33_9102] connect to rpc server error and reaches max retries!
[2017-07-31 19:50:09] 3714975 [pool-4-thread-1] WARN  simple.SingleSimpleRpcClient  - [GasClient_10.10.10.33_9102] single simple rpc connection sleep 10.0s to reconnect...
[2017-07-31 19:50:09] 3714975 [pool-9-thread-122] ERROR iohandler.SimpleRpcClientIoHandler  - [GasClient_10.10.10.33_9102] catch exception for channel: 2020063768
java.net.ConnectException: Connection refused: /10.10.10.33:9102
	at sun.nio.ch.SocketChannelImpl.checkConnect(Native Method)
	at sun.nio.ch.SocketChannelImpl.finishConnect(SocketChannelImpl.java:717)
	at org.jboss.netty.channel.socket.nio.NioClientBoss.connect(NioClientBoss.java:152)
	at org.jboss.netty.channel.socket.nio.NioClientBoss.processSelectedKeys(NioClientBoss.java:105)
	at org.jboss.netty.channel.socket.nio.NioClientBoss.process(NioClientBoss.java:79)
	at org.jboss.netty.channel.socket.nio.AbstractNioSelector.run(AbstractNioSelector.java:337)
	at org.jboss.netty.channel.socket.nio.NioClientBoss.run(NioClientBoss.java:42)
	at org.jboss.netty.util.ThreadRenamingRunnable.run(ThreadRenamingRunnable.java:108)
	at org.jboss.netty.util.internal.DeadLockProofWorker$1.run(DeadLockProofWorker.java:42)
	at java.util.concurrent.ThreadPoolExecutor.runWorker(ThreadPoolExecutor.java:1142)
	at java.util.concurrent.ThreadPoolExecutor$Worker.run(ThreadPoolExecutor.java:617)
	at java.lang.Thread.run(Thread.java:745)
[2017-07-31 19:50:19] 3724979 [New I/O boss #17] ERROR simple.SingleSimpleRpcClient  - [GasClient_10.10.10.33_9102] connect to rpc server error and sleep 5.0s to retry#1
java.net.ConnectException: Connection refused: /10.10.10.33:9102
	at sun.nio.ch.SocketChannelImpl.checkConnect(Native Method)
	at sun.nio.ch.SocketChannelImpl.finishConnect(SocketChannelImpl.java:717)
	at org.jboss.netty.channel.socket.nio.NioClientBoss.connect(NioClientBoss.java:152)
	at org.jboss.netty.channel.socket.nio.NioClientBoss.processSelectedKeys(NioClientBoss.java:105)
	at org.jboss.netty.channel.socket.nio.NioClientBoss.process(NioClientBoss.java:79)
	at org.jboss.netty.channel.socket.nio.AbstractNioSelector.run(AbstractNioSelector.java:337)
	at org.jboss.netty.channel.socket.nio.NioClientBoss.run(NioClientBoss.java:42)
	at org.jboss.netty.util.ThreadRenamingRunnable.run(ThreadRenamingRunnable.java:108)
	at org.jboss.netty.util.internal.DeadLockProofWorker$1.run(DeadLockProofWorker.java:42)
	at java.util.concurrent.ThreadPoolExecutor.runWorker(ThreadPoolExecutor.java:1142)
	at java.util.concurrent.ThreadPoolExecutor$Worker.run(ThreadPoolExecutor.java:617)
	at java.lang.Thread.run(Thread.java:745)
[2017-07-31 19:50:24] 3729983 [pool-9-thread-122] ERROR iohandler.SimpleRpcClientIoHandler  - [GasClient_10.10.10.33_9102] catch exception for channel: -1370246676
java.net.ConnectException: Connection refused: /10.10.10.33:9102
	at sun.nio.ch.SocketChannelImpl.checkConnect(Native Method)
	at sun.nio.ch.SocketChannelImpl.finishConnect(SocketChannelImpl.java:717)
	at org.jboss.netty.channel.socket.nio.NioClientBoss.connect(NioClientBoss.java:152)
	at org.jboss.netty.channel.socket.nio.NioClientBoss.processSelectedKeys(NioClientBoss.java:105)
	at org.jboss.netty.channel.socket.nio.NioClientBoss.process(NioClientBoss.java:79)
	at org.jboss.netty.channel.socket.nio.AbstractNioSelector.run(AbstractNioSelector.java:337)
	at org.jboss.netty.channel.socket.nio.NioClientBoss.run(NioClientBoss.java:42)
	at org.jboss.netty.util.ThreadRenamingRunnable.run(ThreadRenamingRunnable.java:108)
	at org.jboss.netty.util.internal.DeadLockProofWorker$1.run(DeadLockProofWorker.java:42)
	at java.util.concurrent.ThreadPoolExecutor.runWorker(ThreadPoolExecutor.java:1142)
	at java.util.concurrent.ThreadPoolExecutor$Worker.run(ThreadPoolExecutor.java:617)
	at java.lang.Thread.run(Thread.java:745)
[2017-07-31 19:50:24] 3729983 [New I/O boss #17] ERROR simple.SingleSimpleRpcClient  - [GasClient_10.10.10.33_9102] connect to rpc server error and sleep 5.0s to retry#2
java.net.ConnectException: Connection refused: /10.10.10.33:9102
	at sun.nio.ch.SocketChannelImpl.checkConnect(Native Method)
	at sun.nio.ch.SocketChannelImpl.finishConnect(SocketChannelImpl.java:717)
	at org.jboss.netty.channel.socket.nio.NioClientBoss.connect(NioClientBoss.java:152)
	at org.jboss.netty.channel.socket.nio.NioClientBoss.processSelectedKeys(NioClientBoss.java:105)
	at org.jboss.netty.channel.socket.nio.NioClientBoss.process(NioClientBoss.java:79)
	at org.jboss.netty.channel.socket.nio.AbstractNioSelector.run(AbstractNioSelector.java:337)
	at org.jboss.netty.channel.socket.nio.NioClientBoss.run(NioClientBoss.java:42)
	at org.jboss.netty.util.ThreadRenamingRunnable.run(ThreadRenamingRunnable.java:108)
	at org.jboss.netty.util.internal.DeadLockProofWorker$1.run(DeadLockProofWorker.java:42)
	at java.util.concurrent.ThreadPoolExecutor.runWorker(ThreadPoolExecutor.java:1142)
	at java.util.concurrent.ThreadPoolExecutor$Worker.run(ThreadPoolExecutor.java:617)
	at java.lang.Thread.run(Thread.java:745)
[2017-07-31 19:50:29] 3734989 [pool-9-thread-122] ERROR iohandler.SimpleRpcClientIoHandler  - [GasClient_10.10.10.33_9102] catch exception for channel: -1330415705
java.net.ConnectException: Connection refused: /10.10.10.33:9102
	at sun.nio.ch.SocketChannelImpl.checkConnect(Native Method)
	at sun.nio.ch.SocketChannelImpl.finishConnect(SocketChannelImpl.java:717)
	at org.jboss.netty.channel.socket.nio.NioClientBoss.connect(NioClientBoss.java:152)
	at org.jboss.netty.channel.socket.nio.NioClientBoss.processSelectedKeys(NioClientBoss.java:105)
	at org.jboss.netty.channel.socket.nio.NioClientBoss.process(NioClientBoss.java:79)
	at org.jboss.netty.channel.socket.nio.AbstractNioSelector.run(AbstractNioSelector.java:337)
	at org.jboss.netty.channel.socket.nio.NioClientBoss.run(NioClientBoss.java:42)
	at org.jboss.netty.util.ThreadRenamingRunnable.run(ThreadRenamingRunnable.java:108)
	at org.jboss.netty.util.internal.DeadLockProofWorker$1.run(DeadLockProofWorker.java:42)
	at java.util.concurrent.ThreadPoolExecutor.runWorker(ThreadPoolExecutor.java:1142)
	at java.util.concurrent.ThreadPoolExecutor$Worker.run(ThreadPoolExecutor.java:617)
	at java.lang.Thread.run(Thread.java:745)
[2017-07-31 19:50:29] 3734989 [New I/O boss #17] ERROR simple.SingleSimpleRpcClient  - [GasClient_10.10.10.33_9102] connect to rpc server error and sleep 5.0s to retry#3
java.net.ConnectException: Connection refused: /10.10.10.33:9102
	at sun.nio.ch.SocketChannelImpl.checkConnect(Native Method)
	at sun.nio.ch.SocketChannelImpl.finishConnect(SocketChannelImpl.java:717)
	at org.jboss.netty.channel.socket.nio.NioClientBoss.connect(NioClientBoss.java:152)
	at org.jboss.netty.channel.socket.nio.NioClientBoss.processSelectedKeys(NioClientBoss.java:105)
	at org.jboss.netty.channel.socket.nio.NioClientBoss.process(NioClientBoss.java:79)
	at org.jboss.netty.channel.socket.nio.AbstractNioSelector.run(AbstractNioSelector.java:337)
	at org.jboss.netty.channel.socket.nio.NioClientBoss.run(NioClientBoss.java:42)
	at org.jboss.netty.util.ThreadRenamingRunnable.run(ThreadRenamingRunnable.java:108)
	at org.jboss.netty.util.internal.DeadLockProofWorker$1.run(DeadLockProofWorker.java:42)
	at java.util.concurrent.ThreadPoolExecutor.runWorker(ThreadPoolExecutor.java:1142)
	at java.util.concurrent.ThreadPoolExecutor$Worker.run(ThreadPoolExecutor.java:617)
	at java.lang.Thread.run(Thread.java:745)
[2017-07-31 19:50:34] 3739991 [pool-9-thread-122] ERROR iohandler.SimpleRpcClientIoHandler  - [GasClient_10.10.10.33_9102] catch exception for channel: 2118163070
java.net.ConnectException: Connection refused: /10.10.10.33:9102
	at sun.nio.ch.SocketChannelImpl.checkConnect(Native Method)
	at sun.nio.ch.SocketChannelImpl.finishConnect(SocketChannelImpl.java:717)
	at org.jboss.netty.channel.socket.nio.NioClientBoss.connect(NioClientBoss.java:152)
	at org.jboss.netty.channel.socket.nio.NioClientBoss.processSelectedKeys(NioClientBoss.java:105)
	at org.jboss.netty.channel.socket.nio.NioClientBoss.process(NioClientBoss.java:79)
	at org.jboss.netty.channel.socket.nio.AbstractNioSelector.run(AbstractNioSelector.java:337)
	at org.jboss.netty.channel.socket.nio.NioClientBoss.run(NioClientBoss.java:42)
	at org.jboss.netty.util.ThreadRenamingRunnable.run(ThreadRenamingRunnable.java:108)
	at org.jboss.netty.util.internal.DeadLockProofWorker$1.run(DeadLockProofWorker.java:42)
	at java.util.concurrent.ThreadPoolExecutor.runWorker(ThreadPoolExecutor.java:1142)
	at java.util.concurrent.ThreadPoolExecutor$Worker.run(ThreadPoolExecutor.java:617)
	at java.lang.Thread.run(Thread.java:745)
[2017-07-31 19:50:34] 3739992 [New I/O boss #17] ERROR simple.SingleSimpleRpcClient  - java.util.concurrent.ExecutionException: com.hadoit.game.engine.core.rpc.base.exception.RpcConnectException: [GasClient_10.10.10.33_9102] connect to rpc server error and reaches max retries!
[2017-07-31 19:50:34] 3739992 [pool-4-thread-1] WARN  simple.SingleSimpleRpcClient  - [GasClient_10.10.10.33_9102] single simple rpc connection sleep 10.0s to reconnect...
[2017-07-31 19:50:34] 3739992 [pool-9-thread-122] ERROR iohandler.SimpleRpcClientIoHandler  - [GasClient_10.10.10.33_9102] catch exception for channel: -574735981
java.net.ConnectException: Connection refused: /10.10.10.33:9102
	at sun.nio.ch.SocketChannelImpl.checkConnect(Native Method)
	at sun.nio.ch.SocketChannelImpl.finishConnect(SocketChannelImpl.java:717)
	at org.jboss.netty.channel.socket.nio.NioClientBoss.connect(NioClientBoss.java:152)
	at org.jboss.netty.channel.socket.nio.NioClientBoss.processSelectedKeys(NioClientBoss.java:105)
	at org.jboss.netty.channel.socket.nio.NioClientBoss.process(NioClientBoss.java:79)
	at org.jboss.netty.channel.socket.nio.AbstractNioSelector.run(AbstractNioSelector.java:337)
	at org.jboss.netty.channel.socket.nio.NioClientBoss.run(NioClientBoss.java:42)
	at org.jboss.netty.util.ThreadRenamingRunnable.run(ThreadRenamingRunnable.java:108)
	at org.jboss.netty.util.internal.DeadLockProofWorker$1.run(DeadLockProofWorker.java:42)
	at java.util.concurrent.ThreadPoolExecutor.runWorker(ThreadPoolExecutor.java:1142)
	at java.util.concurrent.ThreadPoolExecutor$Worker.run(ThreadPoolExecutor.java:617)
	at java.lang.Thread.run(Thread.java:745)
[2017-07-31 19:50:44] 3749998 [New I/O boss #17] ERROR simple.SingleSimpleRpcClient  - [GasClient_10.10.10.33_9102] connect to rpc server error and sleep 5.0s to retry#1
java.net.ConnectException: Connection refused: /10.10.10.33:9102
	at sun.nio.ch.SocketChannelImpl.checkConnect(Native Method)
	at sun.nio.ch.SocketChannelImpl.finishConnect(SocketChannelImpl.java:717)
	at org.jboss.netty.channel.socket.nio.NioClientBoss.connect(NioClientBoss.java:152)
	at org.jboss.netty.channel.socket.nio.NioClientBoss.processSelectedKeys(NioClientBoss.java:105)
	at org.jboss.netty.channel.socket.nio.NioClientBoss.process(NioClientBoss.java:79)
	at org.jboss.netty.channel.socket.nio.AbstractNioSelector.run(AbstractNioSelector.java:337)
	at org.jboss.netty.channel.socket.nio.NioClientBoss.run(NioClientBoss.java:42)
	at org.jboss.netty.util.ThreadRenamingRunnable.run(ThreadRenamingRunnable.java:108)
	at org.jboss.netty.util.internal.DeadLockProofWorker$1.run(DeadLockProofWorker.java:42)
	at java.util.concurrent.ThreadPoolExecutor.runWorker(ThreadPoolExecutor.java:1142)
	at java.util.concurrent.ThreadPoolExecutor$Worker.run(ThreadPoolExecutor.java:617)
	at java.lang.Thread.run(Thread.java:745)
[2017-07-31 19:50:49] 3755001 [pool-9-thread-122] ERROR iohandler.SimpleRpcClientIoHandler  - [GasClient_10.10.10.33_9102] catch exception for channel: -79575814
java.net.ConnectException: Connection refused: /10.10.10.33:9102
	at sun.nio.ch.SocketChannelImpl.checkConnect(Native Method)
	at sun.nio.ch.SocketChannelImpl.finishConnect(SocketChannelImpl.java:717)
	at org.jboss.netty.channel.socket.nio.NioClientBoss.connect(NioClientBoss.java:152)
	at org.jboss.netty.channel.socket.nio.NioClientBoss.processSelectedKeys(NioClientBoss.java:105)
	at org.jboss.netty.channel.socket.nio.NioClientBoss.process(NioClientBoss.java:79)
	at org.jboss.netty.channel.socket.nio.AbstractNioSelector.run(AbstractNioSelector.java:337)
	at org.jboss.netty.channel.socket.nio.NioClientBoss.run(NioClientBoss.java:42)
	at org.jboss.netty.util.ThreadRenamingRunnable.run(ThreadRenamingRunnable.java:108)
	at org.jboss.netty.util.internal.DeadLockProofWorker$1.run(DeadLockProofWorker.java:42)
	at java.util.concurrent.ThreadPoolExecutor.runWorker(ThreadPoolExecutor.java:1142)
	at java.util.concurrent.ThreadPoolExecutor$Worker.run(ThreadPoolExecutor.java:617)
	at java.lang.Thread.run(Thread.java:745)
[2017-07-31 19:50:49] 3755001 [New I/O boss #17] ERROR simple.SingleSimpleRpcClient  - [GasClient_10.10.10.33_9102] connect to rpc server error and sleep 5.0s to retry#2
java.net.ConnectException: Connection refused: /10.10.10.33:9102
	at sun.nio.ch.SocketChannelImpl.checkConnect(Native Method)
	at sun.nio.ch.SocketChannelImpl.finishConnect(SocketChannelImpl.java:717)
	at org.jboss.netty.channel.socket.nio.NioClientBoss.connect(NioClientBoss.java:152)
	at org.jboss.netty.channel.socket.nio.NioClientBoss.processSelectedKeys(NioClientBoss.java:105)
	at org.jboss.netty.channel.socket.nio.NioClientBoss.process(NioClientBoss.java:79)
	at org.jboss.netty.channel.socket.nio.AbstractNioSelector.run(AbstractNioSelector.java:337)
	at org.jboss.netty.channel.socket.nio.NioClientBoss.run(NioClientBoss.java:42)
	at org.jboss.netty.util.ThreadRenamingRunnable.run(ThreadRenamingRunnable.java:108)
	at org.jboss.netty.util.internal.DeadLockProofWorker$1.run(DeadLockProofWorker.java:42)
	at java.util.concurrent.ThreadPoolExecutor.runWorker(ThreadPoolExecutor.java:1142)
	at java.util.concurrent.ThreadPoolExecutor$Worker.run(ThreadPoolExecutor.java:617)
	at java.lang.Thread.run(Thread.java:745)
[2017-07-31 19:50:54] 3760005 [pool-9-thread-122] ERROR iohandler.SimpleRpcClientIoHandler  - [GasClient_10.10.10.33_9102] catch exception for channel: -1087876734
java.net.ConnectException: Connection refused: /10.10.10.33:9102
	at sun.nio.ch.SocketChannelImpl.checkConnect(Native Method)
	at sun.nio.ch.SocketChannelImpl.finishConnect(SocketChannelImpl.java:717)
	at org.jboss.netty.channel.socket.nio.NioClientBoss.connect(NioClientBoss.java:152)
	at org.jboss.netty.channel.socket.nio.NioClientBoss.processSelectedKeys(NioClientBoss.java:105)
	at org.jboss.netty.channel.socket.nio.NioClientBoss.process(NioClientBoss.java:79)
	at org.jboss.netty.channel.socket.nio.AbstractNioSelector.run(AbstractNioSelector.java:337)
	at org.jboss.netty.channel.socket.nio.NioClientBoss.run(NioClientBoss.java:42)
	at org.jboss.netty.util.ThreadRenamingRunnable.run(ThreadRenamingRunnable.java:108)
	at org.jboss.netty.util.internal.DeadLockProofWorker$1.run(DeadLockProofWorker.java:42)
	at java.util.concurrent.ThreadPoolExecutor.runWorker(ThreadPoolExecutor.java:1142)
	at java.util.concurrent.ThreadPoolExecutor$Worker.run(ThreadPoolExecutor.java:617)
	at java.lang.Thread.run(Thread.java:745)
[2017-07-31 19:50:54] 3760006 [New I/O boss #17] ERROR simple.SingleSimpleRpcClient  - [GasClient_10.10.10.33_9102] connect to rpc server error and sleep 5.0s to retry#3
java.net.ConnectException: Connection refused: /10.10.10.33:9102
	at sun.nio.ch.SocketChannelImpl.checkConnect(Native Method)
	at sun.nio.ch.SocketChannelImpl.finishConnect(SocketChannelImpl.java:717)
	at org.jboss.netty.channel.socket.nio.NioClientBoss.connect(NioClientBoss.java:152)
	at org.jboss.netty.channel.socket.nio.NioClientBoss.processSelectedKeys(NioClientBoss.java:105)
	at org.jboss.netty.channel.socket.nio.NioClientBoss.process(NioClientBoss.java:79)
	at org.jboss.netty.channel.socket.nio.AbstractNioSelector.run(AbstractNioSelector.java:337)
	at org.jboss.netty.channel.socket.nio.NioClientBoss.run(NioClientBoss.java:42)
	at org.jboss.netty.util.ThreadRenamingRunnable.run(ThreadRenamingRunnable.java:108)
	at org.jboss.netty.util.internal.DeadLockProofWorker$1.run(DeadLockProofWorker.java:42)
	at java.util.concurrent.ThreadPoolExecutor.runWorker(ThreadPoolExecutor.java:1142)
	at java.util.concurrent.ThreadPoolExecutor$Worker.run(ThreadPoolExecutor.java:617)
	at java.lang.Thread.run(Thread.java:745)
[2017-07-31 19:50:59] 3765009 [pool-9-thread-122] ERROR iohandler.SimpleRpcClientIoHandler  - [GasClient_10.10.10.33_9102] catch exception for channel: -1896019742
java.net.ConnectException: Connection refused: /10.10.10.33:9102
	at sun.nio.ch.SocketChannelImpl.checkConnect(Native Method)
	at sun.nio.ch.SocketChannelImpl.finishConnect(SocketChannelImpl.java:717)
	at org.jboss.netty.channel.socket.nio.NioClientBoss.connect(NioClientBoss.java:152)
	at org.jboss.netty.channel.socket.nio.NioClientBoss.processSelectedKeys(NioClientBoss.java:105)
	at org.jboss.netty.channel.socket.nio.NioClientBoss.process(NioClientBoss.java:79)
	at org.jboss.netty.channel.socket.nio.AbstractNioSelector.run(AbstractNioSelector.java:337)
	at org.jboss.netty.channel.socket.nio.NioClientBoss.run(NioClientBoss.java:42)
	at org.jboss.netty.util.ThreadRenamingRunnable.run(ThreadRenamingRunnable.java:108)
	at org.jboss.netty.util.internal.DeadLockProofWorker$1.run(DeadLockProofWorker.java:42)
	at java.util.concurrent.ThreadPoolExecutor.runWorker(ThreadPoolExecutor.java:1142)
	at java.util.concurrent.ThreadPoolExecutor$Worker.run(ThreadPoolExecutor.java:617)
	at java.lang.Thread.run(Thread.java:745)
[2017-07-31 19:50:59] 3765010 [New I/O boss #17] ERROR simple.SingleSimpleRpcClient  - java.util.concurrent.ExecutionException: com.hadoit.game.engine.core.rpc.base.exception.RpcConnectException: [GasClient_10.10.10.33_9102] connect to rpc server error and reaches max retries!
[2017-07-31 19:50:59] 3765010 [pool-4-thread-1] WARN  simple.SingleSimpleRpcClient  - [GasClient_10.10.10.33_9102] single simple rpc connection sleep 10.0s to reconnect...
[2017-07-31 19:50:59] 3765010 [pool-9-thread-122] ERROR iohandler.SimpleRpcClientIoHandler  - [GasClient_10.10.10.33_9102] catch exception for channel: 1322066091
java.net.ConnectException: Connection refused: /10.10.10.33:9102
	at sun.nio.ch.SocketChannelImpl.checkConnect(Native Method)
	at sun.nio.ch.SocketChannelImpl.finishConnect(SocketChannelImpl.java:717)
	at org.jboss.netty.channel.socket.nio.NioClientBoss.connect(NioClientBoss.java:152)
	at org.jboss.netty.channel.socket.nio.NioClientBoss.processSelectedKeys(NioClientBoss.java:105)
	at org.jboss.netty.channel.socket.nio.NioClientBoss.process(NioClientBoss.java:79)
	at org.jboss.netty.channel.socket.nio.AbstractNioSelector.run(AbstractNioSelector.java:337)
	at org.jboss.netty.channel.socket.nio.NioClientBoss.run(NioClientBoss.java:42)
	at org.jboss.netty.util.ThreadRenamingRunnable.run(ThreadRenamingRunnable.java:108)
	at org.jboss.netty.util.internal.DeadLockProofWorker$1.run(DeadLockProofWorker.java:42)
	at java.util.concurrent.ThreadPoolExecutor.runWorker(ThreadPoolExecutor.java:1142)
	at java.util.concurrent.ThreadPoolExecutor$Worker.run(ThreadPoolExecutor.java:617)
	at java.lang.Thread.run(Thread.java:745)
