[2017-08-02 18:01:09] 0    [main] INFO  domain.SimpleDomainConfig  - [SQL UPDATE] ALTER TABLE `OtherBehvStats` MODIFY COLUMN `num` double precision DEFAULT 0
[2017-08-02 18:01:09] 48   [main] INFO  domain.SimpleDomainConfig  - [SQL UPDATE] ALTER TABLE `ResAllStats` MODIFY COLUMN `num` double precision DEFAULT 0
[2017-08-02 18:01:09] 315  [main] INFO  domain.SimpleDomainConfig  - [SQL UPDATE] ALTER TABLE `ServerInfo` ADD COLUMN `isPush` int DEFAULT 0
[2017-08-02 18:01:09] 417  [main] INFO  domain.SimpleDomainConfig  - [SQL CREATE] DROP TABLE IF EXISTS `UserLogs`
[2017-08-02 18:01:09] 417  [main] INFO  domain.SimpleDomainConfig  - [SQL CREATE] CREATE TABLE `UserLogs` (`id` bigint(20) NOT NULL AUTO_INCREMENT, `roleName` varchar(255), `createTime` bigint(20) DEFAULT 0, `uid` varchar(255), `content` varchar(255), `desb` varchar(255), PRIMARY KEY (`id`), KEY `sidx_rolename` (`roleName`)) ENGINE=InnoDB DEFAULT CHARSET=utf8
[2017-08-02 18:01:10] 1447 [main] INFO  gms  - handleConnectors key=10.10.10.33_9102
[2017-08-02 18:01:10] 1447 [main] INFO  gms  - handleConnectors2 matched!
[2017-08-02 18:01:10] 1618 [main] INFO  gms  - handleConnectors key=10.10.10.33_9102
[2017-08-02 18:01:10] 1619 [main] INFO  gms  - handleConnectors2 matched!
[2017-08-02 18:01:10] 1626 [pool-9-thread-1] INFO  gms  - gas connected! channel= [id: 0x697da09f, /10.10.10.33:53078 => /10.10.10.33:9102] Thread[pool-9-thread-1,5,main]
[2017-08-02 18:01:10] 1633 [pool-9-thread-1] INFO  gms  - registFile on server connected! keyName=android_2 2 android
[2017-08-02 18:01:10] 1635 [pool-9-thread-1] WARN  gms  - File is exists! keyName=android_2
[2017-08-02 18:01:10] 1635 [pool-9-thread-1] INFO  gms  - registFile on server connected! keyName=测试_1 1 测试
[2017-08-02 18:01:10] 1635 [pool-9-thread-1] WARN  gms  - File is exists! keyName=测试_1
[2017-08-02 18:01:18] 8936 [1783593083@qtp-1580893732-0] INFO  gms  - doLogin username=gongadmin
[2017-08-02 18:01:21] 12560 [952926019@qtp-1580893732-3] INFO  gms  - srvlist limit=200 curPage=1
[2017-08-02 18:02:06] 56922 [952926019@qtp-1580893732-3] INFO  gms  - srvlist limit=200 curPage=1
[2017-08-02 18:59:55] 3525974 [pool-4-thread-1] WARN  simple.SingleSimpleRpcClient  - [GasClient_10.10.10.33_9102] single simple rpc connection sleep 10.0s to reconnect...
[2017-08-02 18:59:55] 3525975 [pool-9-thread-115] WARN  gms  - gas disconnected! channel= [id: 0x697da09f, /10.10.10.33:53078 :> /10.10.10.33:9102] Thread[pool-9-thread-115,5,main]
[2017-08-02 19:53:20] 6730643 [pool-10-thread-1] ERROR simple.SingleSimpleRpcClient  - [GasClient_10.10.10.33_9102] connect to rpc server error and sleep 5.0s to retry#1
java.net.SocketException: Network is down
	at sun.nio.ch.Net.connect0(Native Method)
	at sun.nio.ch.Net.connect(Net.java:454)
	at sun.nio.ch.Net.connect(Net.java:446)
	at sun.nio.ch.SocketChannelImpl.connect(SocketChannelImpl.java:648)
	at org.jboss.netty.channel.socket.nio.NioClientSocketPipelineSink.connect(NioClientSocketPipelineSink.java:108)
	at org.jboss.netty.channel.socket.nio.NioClientSocketPipelineSink.eventSunk(NioClientSocketPipelineSink.java:70)
	at org.jboss.netty.channel.DefaultChannelPipeline$DefaultChannelHandlerContext.sendDownstream(DefaultChannelPipeline.java:779)
	at org.jboss.netty.handler.logging.LoggingHandler.handleDownstream(LoggingHandler.java:338)
	at org.jboss.netty.channel.DefaultChannelPipeline.sendDownstream(DefaultChannelPipeline.java:591)
	at org.jboss.netty.channel.DefaultChannelPipeline$DefaultChannelHandlerContext.sendDownstream(DefaultChannelPipeline.java:784)
	at org.jboss.netty.handler.codec.oneone.OneToOneEncoder.handleDownstream(OneToOneEncoder.java:54)
	at org.jboss.netty.channel.DefaultChannelPipeline.sendDownstream(DefaultChannelPipeline.java:591)
	at org.jboss.netty.channel.DefaultChannelPipeline$DefaultChannelHandlerContext.sendDownstream(DefaultChannelPipeline.java:784)
	at org.jboss.netty.handler.execution.ExecutionHandler.handleDownstream(ExecutionHandler.java:186)
	at org.jboss.netty.channel.DefaultChannelPipeline.sendDownstream(DefaultChannelPipeline.java:591)
	at org.jboss.netty.channel.DefaultChannelPipeline$DefaultChannelHandlerContext.sendDownstream(DefaultChannelPipeline.java:784)
	at org.jboss.netty.handler.codec.oneone.OneToOneEncoder.handleDownstream(OneToOneEncoder.java:54)
	at org.jboss.netty.channel.DefaultChannelPipeline.sendDownstream(DefaultChannelPipeline.java:591)
	at org.jboss.netty.channel.DefaultChannelPipeline$DefaultChannelHandlerContext.sendDownstream(DefaultChannelPipeline.java:784)
	at org.jboss.netty.handler.execution.ChannelDownstreamEventRunnable.doRun(ChannelDownstreamEventRunnable.java:38)
	at org.jboss.netty.handler.execution.ChannelEventRunnable.run(ChannelEventRunnable.java:67)
	at java.util.concurrent.ThreadPoolExecutor.runWorker(ThreadPoolExecutor.java:1142)
	at java.util.concurrent.ThreadPoolExecutor$Worker.run(ThreadPoolExecutor.java:617)
	at java.lang.Thread.run(Thread.java:745)
[2017-08-02 19:53:26] 6736744 [pool-9-thread-115] ERROR iohandler.SimpleRpcClientIoHandler  - [GasClient_10.10.10.33_9102] catch exception for channel: -196692679
java.net.SocketException: Network is down
	at sun.nio.ch.Net.connect0(Native Method)
	at sun.nio.ch.Net.connect(Net.java:454)
	at sun.nio.ch.Net.connect(Net.java:446)
	at sun.nio.ch.SocketChannelImpl.connect(SocketChannelImpl.java:648)
	at org.jboss.netty.channel.socket.nio.NioClientSocketPipelineSink.connect(NioClientSocketPipelineSink.java:108)
	at org.jboss.netty.channel.socket.nio.NioClientSocketPipelineSink.eventSunk(NioClientSocketPipelineSink.java:70)
	at org.jboss.netty.channel.DefaultChannelPipeline$DefaultChannelHandlerContext.sendDownstream(DefaultChannelPipeline.java:779)
	at org.jboss.netty.handler.logging.LoggingHandler.handleDownstream(LoggingHandler.java:338)
	at org.jboss.netty.channel.DefaultChannelPipeline.sendDownstream(DefaultChannelPipeline.java:591)
	at org.jboss.netty.channel.DefaultChannelPipeline$DefaultChannelHandlerContext.sendDownstream(DefaultChannelPipeline.java:784)
	at org.jboss.netty.handler.codec.oneone.OneToOneEncoder.handleDownstream(OneToOneEncoder.java:54)
	at org.jboss.netty.channel.DefaultChannelPipeline.sendDownstream(DefaultChannelPipeline.java:591)
	at org.jboss.netty.channel.DefaultChannelPipeline$DefaultChannelHandlerContext.sendDownstream(DefaultChannelPipeline.java:784)
	at org.jboss.netty.handler.execution.ExecutionHandler.handleDownstream(ExecutionHandler.java:186)
	at org.jboss.netty.channel.DefaultChannelPipeline.sendDownstream(DefaultChannelPipeline.java:591)
	at org.jboss.netty.channel.DefaultChannelPipeline$DefaultChannelHandlerContext.sendDownstream(DefaultChannelPipeline.java:784)
	at org.jboss.netty.handler.codec.oneone.OneToOneEncoder.handleDownstream(OneToOneEncoder.java:54)
	at org.jboss.netty.channel.DefaultChannelPipeline.sendDownstream(DefaultChannelPipeline.java:591)
	at org.jboss.netty.channel.DefaultChannelPipeline$DefaultChannelHandlerContext.sendDownstream(DefaultChannelPipeline.java:784)
	at org.jboss.netty.handler.execution.ChannelDownstreamEventRunnable.doRun(ChannelDownstreamEventRunnable.java:38)
	at org.jboss.netty.handler.execution.ChannelEventRunnable.run(ChannelEventRunnable.java:67)
	at java.util.concurrent.ThreadPoolExecutor.runWorker(ThreadPoolExecutor.java:1142)
	at java.util.concurrent.ThreadPoolExecutor$Worker.run(ThreadPoolExecutor.java:617)
	at java.lang.Thread.run(Thread.java:745)
[2017-08-02 19:53:26] 6736744 [pool-10-thread-1] ERROR simple.SingleSimpleRpcClient  - [GasClient_10.10.10.33_9102] connect to rpc server error and sleep 5.0s to retry#2
java.net.SocketException: Network is unreachable
	at sun.nio.ch.Net.connect0(Native Method)
	at sun.nio.ch.Net.connect(Net.java:454)
	at sun.nio.ch.Net.connect(Net.java:446)
	at sun.nio.ch.SocketChannelImpl.connect(SocketChannelImpl.java:648)
	at org.jboss.netty.channel.socket.nio.NioClientSocketPipelineSink.connect(NioClientSocketPipelineSink.java:108)
	at org.jboss.netty.channel.socket.nio.NioClientSocketPipelineSink.eventSunk(NioClientSocketPipelineSink.java:70)
	at org.jboss.netty.channel.DefaultChannelPipeline$DefaultChannelHandlerContext.sendDownstream(DefaultChannelPipeline.java:779)
	at org.jboss.netty.handler.logging.LoggingHandler.handleDownstream(LoggingHandler.java:338)
	at org.jboss.netty.channel.DefaultChannelPipeline.sendDownstream(DefaultChannelPipeline.java:591)
	at org.jboss.netty.channel.DefaultChannelPipeline$DefaultChannelHandlerContext.sendDownstream(DefaultChannelPipeline.java:784)
	at org.jboss.netty.handler.codec.oneone.OneToOneEncoder.handleDownstream(OneToOneEncoder.java:54)
	at org.jboss.netty.channel.DefaultChannelPipeline.sendDownstream(DefaultChannelPipeline.java:591)
	at org.jboss.netty.channel.DefaultChannelPipeline$DefaultChannelHandlerContext.sendDownstream(DefaultChannelPipeline.java:784)
	at org.jboss.netty.handler.execution.ExecutionHandler.handleDownstream(ExecutionHandler.java:186)
	at org.jboss.netty.channel.DefaultChannelPipeline.sendDownstream(DefaultChannelPipeline.java:591)
	at org.jboss.netty.channel.DefaultChannelPipeline$DefaultChannelHandlerContext.sendDownstream(DefaultChannelPipeline.java:784)
	at org.jboss.netty.handler.codec.oneone.OneToOneEncoder.handleDownstream(OneToOneEncoder.java:54)
	at org.jboss.netty.channel.DefaultChannelPipeline.sendDownstream(DefaultChannelPipeline.java:591)
	at org.jboss.netty.channel.DefaultChannelPipeline$DefaultChannelHandlerContext.sendDownstream(DefaultChannelPipeline.java:784)
	at org.jboss.netty.handler.execution.ChannelDownstreamEventRunnable.doRun(ChannelDownstreamEventRunnable.java:38)
	at org.jboss.netty.handler.execution.ChannelEventRunnable.run(ChannelEventRunnable.java:67)
	at java.util.concurrent.ThreadPoolExecutor.runWorker(ThreadPoolExecutor.java:1142)
	at java.util.concurrent.ThreadPoolExecutor$Worker.run(ThreadPoolExecutor.java:617)
	at java.lang.Thread.run(Thread.java:745)
[2017-08-02 19:53:31] 6741748 [pool-9-thread-115] ERROR iohandler.SimpleRpcClientIoHandler  - [GasClient_10.10.10.33_9102] catch exception for channel: -274870932
java.net.SocketException: Network is unreachable
	at sun.nio.ch.Net.connect0(Native Method)
	at sun.nio.ch.Net.connect(Net.java:454)
	at sun.nio.ch.Net.connect(Net.java:446)
	at sun.nio.ch.SocketChannelImpl.connect(SocketChannelImpl.java:648)
	at org.jboss.netty.channel.socket.nio.NioClientSocketPipelineSink.connect(NioClientSocketPipelineSink.java:108)
	at org.jboss.netty.channel.socket.nio.NioClientSocketPipelineSink.eventSunk(NioClientSocketPipelineSink.java:70)
	at org.jboss.netty.channel.DefaultChannelPipeline$DefaultChannelHandlerContext.sendDownstream(DefaultChannelPipeline.java:779)
	at org.jboss.netty.handler.logging.LoggingHandler.handleDownstream(LoggingHandler.java:338)
	at org.jboss.netty.channel.DefaultChannelPipeline.sendDownstream(DefaultChannelPipeline.java:591)
	at org.jboss.netty.channel.DefaultChannelPipeline$DefaultChannelHandlerContext.sendDownstream(DefaultChannelPipeline.java:784)
	at org.jboss.netty.handler.codec.oneone.OneToOneEncoder.handleDownstream(OneToOneEncoder.java:54)
	at org.jboss.netty.channel.DefaultChannelPipeline.sendDownstream(DefaultChannelPipeline.java:591)
	at org.jboss.netty.channel.DefaultChannelPipeline$DefaultChannelHandlerContext.sendDownstream(DefaultChannelPipeline.java:784)
	at org.jboss.netty.handler.execution.ExecutionHandler.handleDownstream(ExecutionHandler.java:186)
	at org.jboss.netty.channel.DefaultChannelPipeline.sendDownstream(DefaultChannelPipeline.java:591)
	at org.jboss.netty.channel.DefaultChannelPipeline$DefaultChannelHandlerContext.sendDownstream(DefaultChannelPipeline.java:784)
	at org.jboss.netty.handler.codec.oneone.OneToOneEncoder.handleDownstream(OneToOneEncoder.java:54)
	at org.jboss.netty.channel.DefaultChannelPipeline.sendDownstream(DefaultChannelPipeline.java:591)
	at org.jboss.netty.channel.DefaultChannelPipeline$DefaultChannelHandlerContext.sendDownstream(DefaultChannelPipeline.java:784)
	at org.jboss.netty.handler.execution.ChannelDownstreamEventRunnable.doRun(ChannelDownstreamEventRunnable.java:38)
	at org.jboss.netty.handler.execution.ChannelEventRunnable.run(ChannelEventRunnable.java:67)
	at java.util.concurrent.ThreadPoolExecutor.runWorker(ThreadPoolExecutor.java:1142)
	at java.util.concurrent.ThreadPoolExecutor$Worker.run(ThreadPoolExecutor.java:617)
	at java.lang.Thread.run(Thread.java:745)
[2017-08-02 19:53:31] 6741749 [pool-10-thread-1] ERROR simple.SingleSimpleRpcClient  - [GasClient_10.10.10.33_9102] connect to rpc server error and sleep 5.0s to retry#3
java.net.SocketException: Network is unreachable
	at sun.nio.ch.Net.connect0(Native Method)
	at sun.nio.ch.Net.connect(Net.java:454)
	at sun.nio.ch.Net.connect(Net.java:446)
	at sun.nio.ch.SocketChannelImpl.connect(SocketChannelImpl.java:648)
	at org.jboss.netty.channel.socket.nio.NioClientSocketPipelineSink.connect(NioClientSocketPipelineSink.java:108)
	at org.jboss.netty.channel.socket.nio.NioClientSocketPipelineSink.eventSunk(NioClientSocketPipelineSink.java:70)
	at org.jboss.netty.channel.DefaultChannelPipeline$DefaultChannelHandlerContext.sendDownstream(DefaultChannelPipeline.java:779)
	at org.jboss.netty.handler.logging.LoggingHandler.handleDownstream(LoggingHandler.java:338)
	at org.jboss.netty.channel.DefaultChannelPipeline.sendDownstream(DefaultChannelPipeline.java:591)
	at org.jboss.netty.channel.DefaultChannelPipeline$DefaultChannelHandlerContext.sendDownstream(DefaultChannelPipeline.java:784)
	at org.jboss.netty.handler.codec.oneone.OneToOneEncoder.handleDownstream(OneToOneEncoder.java:54)
	at org.jboss.netty.channel.DefaultChannelPipeline.sendDownstream(DefaultChannelPipeline.java:591)
	at org.jboss.netty.channel.DefaultChannelPipeline$DefaultChannelHandlerContext.sendDownstream(DefaultChannelPipeline.java:784)
	at org.jboss.netty.handler.execution.ExecutionHandler.handleDownstream(ExecutionHandler.java:186)
	at org.jboss.netty.channel.DefaultChannelPipeline.sendDownstream(DefaultChannelPipeline.java:591)
	at org.jboss.netty.channel.DefaultChannelPipeline$DefaultChannelHandlerContext.sendDownstream(DefaultChannelPipeline.java:784)
	at org.jboss.netty.handler.codec.oneone.OneToOneEncoder.handleDownstream(OneToOneEncoder.java:54)
	at org.jboss.netty.channel.DefaultChannelPipeline.sendDownstream(DefaultChannelPipeline.java:591)
	at org.jboss.netty.channel.DefaultChannelPipeline$DefaultChannelHandlerContext.sendDownstream(DefaultChannelPipeline.java:784)
	at org.jboss.netty.handler.execution.ChannelDownstreamEventRunnable.doRun(ChannelDownstreamEventRunnable.java:38)
	at org.jboss.netty.handler.execution.ChannelEventRunnable.run(ChannelEventRunnable.java:67)
	at java.util.concurrent.ThreadPoolExecutor.runWorker(ThreadPoolExecutor.java:1142)
	at java.util.concurrent.ThreadPoolExecutor$Worker.run(ThreadPoolExecutor.java:617)
	at java.lang.Thread.run(Thread.java:745)
[2017-08-02 19:53:36] 6746761 [pool-9-thread-115] ERROR iohandler.SimpleRpcClientIoHandler  - [GasClient_10.10.10.33_9102] catch exception for channel: -180503556
java.net.SocketException: Network is unreachable
	at sun.nio.ch.Net.connect0(Native Method)
	at sun.nio.ch.Net.connect(Net.java:454)
	at sun.nio.ch.Net.connect(Net.java:446)
	at sun.nio.ch.SocketChannelImpl.connect(SocketChannelImpl.java:648)
	at org.jboss.netty.channel.socket.nio.NioClientSocketPipelineSink.connect(NioClientSocketPipelineSink.java:108)
	at org.jboss.netty.channel.socket.nio.NioClientSocketPipelineSink.eventSunk(NioClientSocketPipelineSink.java:70)
	at org.jboss.netty.channel.DefaultChannelPipeline$DefaultChannelHandlerContext.sendDownstream(DefaultChannelPipeline.java:779)
	at org.jboss.netty.handler.logging.LoggingHandler.handleDownstream(LoggingHandler.java:338)
	at org.jboss.netty.channel.DefaultChannelPipeline.sendDownstream(DefaultChannelPipeline.java:591)
	at org.jboss.netty.channel.DefaultChannelPipeline$DefaultChannelHandlerContext.sendDownstream(DefaultChannelPipeline.java:784)
	at org.jboss.netty.handler.codec.oneone.OneToOneEncoder.handleDownstream(OneToOneEncoder.java:54)
	at org.jboss.netty.channel.DefaultChannelPipeline.sendDownstream(DefaultChannelPipeline.java:591)
	at org.jboss.netty.channel.DefaultChannelPipeline$DefaultChannelHandlerContext.sendDownstream(DefaultChannelPipeline.java:784)
	at org.jboss.netty.handler.execution.ExecutionHandler.handleDownstream(ExecutionHandler.java:186)
	at org.jboss.netty.channel.DefaultChannelPipeline.sendDownstream(DefaultChannelPipeline.java:591)
	at org.jboss.netty.channel.DefaultChannelPipeline$DefaultChannelHandlerContext.sendDownstream(DefaultChannelPipeline.java:784)
	at org.jboss.netty.handler.codec.oneone.OneToOneEncoder.handleDownstream(OneToOneEncoder.java:54)
	at org.jboss.netty.channel.DefaultChannelPipeline.sendDownstream(DefaultChannelPipeline.java:591)
	at org.jboss.netty.channel.DefaultChannelPipeline$DefaultChannelHandlerContext.sendDownstream(DefaultChannelPipeline.java:784)
	at org.jboss.netty.handler.execution.ChannelDownstreamEventRunnable.doRun(ChannelDownstreamEventRunnable.java:38)
	at org.jboss.netty.handler.execution.ChannelEventRunnable.run(ChannelEventRunnable.java:67)
	at java.util.concurrent.ThreadPoolExecutor.runWorker(ThreadPoolExecutor.java:1142)
	at java.util.concurrent.ThreadPoolExecutor$Worker.run(ThreadPoolExecutor.java:617)
	at java.lang.Thread.run(Thread.java:745)
[2017-08-02 19:53:36] 6746761 [pool-10-thread-1] ERROR simple.SingleSimpleRpcClient  - java.util.concurrent.ExecutionException: com.hadoit.game.engine.core.rpc.base.exception.RpcConnectException: [GasClient_10.10.10.33_9102] connect to rpc server error and reaches max retries!
[2017-08-02 19:53:36] 6746762 [pool-4-thread-1] WARN  simple.SingleSimpleRpcClient  - [GasClient_10.10.10.33_9102] single simple rpc connection sleep 10.0s to reconnect...
[2017-08-02 19:53:36] 6746762 [pool-9-thread-115] ERROR iohandler.SimpleRpcClientIoHandler  - [GasClient_10.10.10.33_9102] catch exception for channel: -519229414
java.net.SocketException: Network is unreachable
	at sun.nio.ch.Net.connect0(Native Method)
	at sun.nio.ch.Net.connect(Net.java:454)
	at sun.nio.ch.Net.connect(Net.java:446)
	at sun.nio.ch.SocketChannelImpl.connect(SocketChannelImpl.java:648)
	at org.jboss.netty.channel.socket.nio.NioClientSocketPipelineSink.connect(NioClientSocketPipelineSink.java:108)
	at org.jboss.netty.channel.socket.nio.NioClientSocketPipelineSink.eventSunk(NioClientSocketPipelineSink.java:70)
	at org.jboss.netty.channel.DefaultChannelPipeline$DefaultChannelHandlerContext.sendDownstream(DefaultChannelPipeline.java:779)
	at org.jboss.netty.handler.logging.LoggingHandler.handleDownstream(LoggingHandler.java:338)
	at org.jboss.netty.channel.DefaultChannelPipeline.sendDownstream(DefaultChannelPipeline.java:591)
	at org.jboss.netty.channel.DefaultChannelPipeline$DefaultChannelHandlerContext.sendDownstream(DefaultChannelPipeline.java:784)
	at org.jboss.netty.handler.codec.oneone.OneToOneEncoder.handleDownstream(OneToOneEncoder.java:54)
	at org.jboss.netty.channel.DefaultChannelPipeline.sendDownstream(DefaultChannelPipeline.java:591)
	at org.jboss.netty.channel.DefaultChannelPipeline$DefaultChannelHandlerContext.sendDownstream(DefaultChannelPipeline.java:784)
	at org.jboss.netty.handler.execution.ExecutionHandler.handleDownstream(ExecutionHandler.java:186)
	at org.jboss.netty.channel.DefaultChannelPipeline.sendDownstream(DefaultChannelPipeline.java:591)
	at org.jboss.netty.channel.DefaultChannelPipeline$DefaultChannelHandlerContext.sendDownstream(DefaultChannelPipeline.java:784)
	at org.jboss.netty.handler.codec.oneone.OneToOneEncoder.handleDownstream(OneToOneEncoder.java:54)
	at org.jboss.netty.channel.DefaultChannelPipeline.sendDownstream(DefaultChannelPipeline.java:591)
	at org.jboss.netty.channel.DefaultChannelPipeline$DefaultChannelHandlerContext.sendDownstream(DefaultChannelPipeline.java:784)
	at org.jboss.netty.handler.execution.ChannelDownstreamEventRunnable.doRun(ChannelDownstreamEventRunnable.java:38)
	at org.jboss.netty.handler.execution.ChannelEventRunnable.run(ChannelEventRunnable.java:67)
	at java.util.concurrent.ThreadPoolExecutor.runWorker(ThreadPoolExecutor.java:1142)
	at java.util.concurrent.ThreadPoolExecutor$Worker.run(ThreadPoolExecutor.java:617)
	at java.lang.Thread.run(Thread.java:745)
[2017-08-02 19:53:46] 6756768 [pool-10-thread-1] ERROR simple.SingleSimpleRpcClient  - [GasClient_10.10.10.33_9102] connect to rpc server error and sleep 5.0s to retry#1
java.net.SocketException: Network is unreachable
	at sun.nio.ch.Net.connect0(Native Method)
	at sun.nio.ch.Net.connect(Net.java:454)
	at sun.nio.ch.Net.connect(Net.java:446)
	at sun.nio.ch.SocketChannelImpl.connect(SocketChannelImpl.java:648)
	at org.jboss.netty.channel.socket.nio.NioClientSocketPipelineSink.connect(NioClientSocketPipelineSink.java:108)
	at org.jboss.netty.channel.socket.nio.NioClientSocketPipelineSink.eventSunk(NioClientSocketPipelineSink.java:70)
	at org.jboss.netty.channel.DefaultChannelPipeline$DefaultChannelHandlerContext.sendDownstream(DefaultChannelPipeline.java:779)
	at org.jboss.netty.handler.logging.LoggingHandler.handleDownstream(LoggingHandler.java:338)
	at org.jboss.netty.channel.DefaultChannelPipeline.sendDownstream(DefaultChannelPipeline.java:591)
	at org.jboss.netty.channel.DefaultChannelPipeline$DefaultChannelHandlerContext.sendDownstream(DefaultChannelPipeline.java:784)
	at org.jboss.netty.handler.codec.oneone.OneToOneEncoder.handleDownstream(OneToOneEncoder.java:54)
	at org.jboss.netty.channel.DefaultChannelPipeline.sendDownstream(DefaultChannelPipeline.java:591)
	at org.jboss.netty.channel.DefaultChannelPipeline$DefaultChannelHandlerContext.sendDownstream(DefaultChannelPipeline.java:784)
	at org.jboss.netty.handler.execution.ExecutionHandler.handleDownstream(ExecutionHandler.java:186)
	at org.jboss.netty.channel.DefaultChannelPipeline.sendDownstream(DefaultChannelPipeline.java:591)
	at org.jboss.netty.channel.DefaultChannelPipeline$DefaultChannelHandlerContext.sendDownstream(DefaultChannelPipeline.java:784)
	at org.jboss.netty.handler.codec.oneone.OneToOneEncoder.handleDownstream(OneToOneEncoder.java:54)
	at org.jboss.netty.channel.DefaultChannelPipeline.sendDownstream(DefaultChannelPipeline.java:591)
	at org.jboss.netty.channel.DefaultChannelPipeline$DefaultChannelHandlerContext.sendDownstream(DefaultChannelPipeline.java:784)
	at org.jboss.netty.handler.execution.ChannelDownstreamEventRunnable.doRun(ChannelDownstreamEventRunnable.java:38)
	at org.jboss.netty.handler.execution.ChannelEventRunnable.run(ChannelEventRunnable.java:67)
	at java.util.concurrent.ThreadPoolExecutor.runWorker(ThreadPoolExecutor.java:1142)
	at java.util.concurrent.ThreadPoolExecutor$Worker.run(ThreadPoolExecutor.java:617)
	at java.lang.Thread.run(Thread.java:745)
[2017-08-02 19:53:51] 6761776 [pool-9-thread-115] ERROR iohandler.SimpleRpcClientIoHandler  - [GasClient_10.10.10.33_9102] catch exception for channel: -239538527
java.net.SocketException: Network is unreachable
	at sun.nio.ch.Net.connect0(Native Method)
	at sun.nio.ch.Net.connect(Net.java:454)
	at sun.nio.ch.Net.connect(Net.java:446)
	at sun.nio.ch.SocketChannelImpl.connect(SocketChannelImpl.java:648)
	at org.jboss.netty.channel.socket.nio.NioClientSocketPipelineSink.connect(NioClientSocketPipelineSink.java:108)
	at org.jboss.netty.channel.socket.nio.NioClientSocketPipelineSink.eventSunk(NioClientSocketPipelineSink.java:70)
	at org.jboss.netty.channel.DefaultChannelPipeline$DefaultChannelHandlerContext.sendDownstream(DefaultChannelPipeline.java:779)
	at org.jboss.netty.handler.logging.LoggingHandler.handleDownstream(LoggingHandler.java:338)
	at org.jboss.netty.channel.DefaultChannelPipeline.sendDownstream(DefaultChannelPipeline.java:591)
	at org.jboss.netty.channel.DefaultChannelPipeline$DefaultChannelHandlerContext.sendDownstream(DefaultChannelPipeline.java:784)
	at org.jboss.netty.handler.codec.oneone.OneToOneEncoder.handleDownstream(OneToOneEncoder.java:54)
	at org.jboss.netty.channel.DefaultChannelPipeline.sendDownstream(DefaultChannelPipeline.java:591)
	at org.jboss.netty.channel.DefaultChannelPipeline$DefaultChannelHandlerContext.sendDownstream(DefaultChannelPipeline.java:784)
	at org.jboss.netty.handler.execution.ExecutionHandler.handleDownstream(ExecutionHandler.java:186)
	at org.jboss.netty.channel.DefaultChannelPipeline.sendDownstream(DefaultChannelPipeline.java:591)
	at org.jboss.netty.channel.DefaultChannelPipeline$DefaultChannelHandlerContext.sendDownstream(DefaultChannelPipeline.java:784)
	at org.jboss.netty.handler.codec.oneone.OneToOneEncoder.handleDownstream(OneToOneEncoder.java:54)
	at org.jboss.netty.channel.DefaultChannelPipeline.sendDownstream(DefaultChannelPipeline.java:591)
	at org.jboss.netty.channel.DefaultChannelPipeline$DefaultChannelHandlerContext.sendDownstream(DefaultChannelPipeline.java:784)
	at org.jboss.netty.handler.execution.ChannelDownstreamEventRunnable.doRun(ChannelDownstreamEventRunnable.java:38)
	at org.jboss.netty.handler.execution.ChannelEventRunnable.run(ChannelEventRunnable.java:67)
	at java.util.concurrent.ThreadPoolExecutor.runWorker(ThreadPoolExecutor.java:1142)
	at java.util.concurrent.ThreadPoolExecutor$Worker.run(ThreadPoolExecutor.java:617)
	at java.lang.Thread.run(Thread.java:745)
[2017-08-02 19:53:51] 6761777 [pool-10-thread-1] ERROR simple.SingleSimpleRpcClient  - [GasClient_10.10.10.33_9102] connect to rpc server error and sleep 5.0s to retry#2
java.net.SocketException: Network is unreachable
	at sun.nio.ch.Net.connect0(Native Method)
	at sun.nio.ch.Net.connect(Net.java:454)
	at sun.nio.ch.Net.connect(Net.java:446)
	at sun.nio.ch.SocketChannelImpl.connect(SocketChannelImpl.java:648)
	at org.jboss.netty.channel.socket.nio.NioClientSocketPipelineSink.connect(NioClientSocketPipelineSink.java:108)
	at org.jboss.netty.channel.socket.nio.NioClientSocketPipelineSink.eventSunk(NioClientSocketPipelineSink.java:70)
	at org.jboss.netty.channel.DefaultChannelPipeline$DefaultChannelHandlerContext.sendDownstream(DefaultChannelPipeline.java:779)
	at org.jboss.netty.handler.logging.LoggingHandler.handleDownstream(LoggingHandler.java:338)
	at org.jboss.netty.channel.DefaultChannelPipeline.sendDownstream(DefaultChannelPipeline.java:591)
	at org.jboss.netty.channel.DefaultChannelPipeline$DefaultChannelHandlerContext.sendDownstream(DefaultChannelPipeline.java:784)
	at org.jboss.netty.handler.codec.oneone.OneToOneEncoder.handleDownstream(OneToOneEncoder.java:54)
	at org.jboss.netty.channel.DefaultChannelPipeline.sendDownstream(DefaultChannelPipeline.java:591)
	at org.jboss.netty.channel.DefaultChannelPipeline$DefaultChannelHandlerContext.sendDownstream(DefaultChannelPipeline.java:784)
	at org.jboss.netty.handler.execution.ExecutionHandler.handleDownstream(ExecutionHandler.java:186)
	at org.jboss.netty.channel.DefaultChannelPipeline.sendDownstream(DefaultChannelPipeline.java:591)
	at org.jboss.netty.channel.DefaultChannelPipeline$DefaultChannelHandlerContext.sendDownstream(DefaultChannelPipeline.java:784)
	at org.jboss.netty.handler.codec.oneone.OneToOneEncoder.handleDownstream(OneToOneEncoder.java:54)
	at org.jboss.netty.channel.DefaultChannelPipeline.sendDownstream(DefaultChannelPipeline.java:591)
	at org.jboss.netty.channel.DefaultChannelPipeline$DefaultChannelHandlerContext.sendDownstream(DefaultChannelPipeline.java:784)
	at org.jboss.netty.handler.execution.ChannelDownstreamEventRunnable.doRun(ChannelDownstreamEventRunnable.java:38)
	at org.jboss.netty.handler.execution.ChannelEventRunnable.run(ChannelEventRunnable.java:67)
	at java.util.concurrent.ThreadPoolExecutor.runWorker(ThreadPoolExecutor.java:1142)
	at java.util.concurrent.ThreadPoolExecutor$Worker.run(ThreadPoolExecutor.java:617)
	at java.lang.Thread.run(Thread.java:745)
[2017-08-02 20:18:50] 8260975 [pool-9-thread-115] ERROR iohandler.SimpleRpcClientIoHandler  - [GasClient_10.10.10.33_9102] catch exception for channel: 719602859
java.net.SocketException: Network is unreachable
	at sun.nio.ch.Net.connect0(Native Method)
	at sun.nio.ch.Net.connect(Net.java:454)
	at sun.nio.ch.Net.connect(Net.java:446)
	at sun.nio.ch.SocketChannelImpl.connect(SocketChannelImpl.java:648)
	at org.jboss.netty.channel.socket.nio.NioClientSocketPipelineSink.connect(NioClientSocketPipelineSink.java:108)
	at org.jboss.netty.channel.socket.nio.NioClientSocketPipelineSink.eventSunk(NioClientSocketPipelineSink.java:70)
	at org.jboss.netty.channel.DefaultChannelPipeline$DefaultChannelHandlerContext.sendDownstream(DefaultChannelPipeline.java:779)
	at org.jboss.netty.handler.logging.LoggingHandler.handleDownstream(LoggingHandler.java:338)
	at org.jboss.netty.channel.DefaultChannelPipeline.sendDownstream(DefaultChannelPipeline.java:591)
	at org.jboss.netty.channel.DefaultChannelPipeline$DefaultChannelHandlerContext.sendDownstream(DefaultChannelPipeline.java:784)
	at org.jboss.netty.handler.codec.oneone.OneToOneEncoder.handleDownstream(OneToOneEncoder.java:54)
	at org.jboss.netty.channel.DefaultChannelPipeline.sendDownstream(DefaultChannelPipeline.java:591)
	at org.jboss.netty.channel.DefaultChannelPipeline$DefaultChannelHandlerContext.sendDownstream(DefaultChannelPipeline.java:784)
	at org.jboss.netty.handler.execution.ExecutionHandler.handleDownstream(ExecutionHandler.java:186)
	at org.jboss.netty.channel.DefaultChannelPipeline.sendDownstream(DefaultChannelPipeline.java:591)
	at org.jboss.netty.channel.DefaultChannelPipeline$DefaultChannelHandlerContext.sendDownstream(DefaultChannelPipeline.java:784)
	at org.jboss.netty.handler.codec.oneone.OneToOneEncoder.handleDownstream(OneToOneEncoder.java:54)
	at org.jboss.netty.channel.DefaultChannelPipeline.sendDownstream(DefaultChannelPipeline.java:591)
	at org.jboss.netty.channel.DefaultChannelPipeline$DefaultChannelHandlerContext.sendDownstream(DefaultChannelPipeline.java:784)
	at org.jboss.netty.handler.execution.ChannelDownstreamEventRunnable.doRun(ChannelDownstreamEventRunnable.java:38)
	at org.jboss.netty.handler.execution.ChannelEventRunnable.run(ChannelEventRunnable.java:67)
	at java.util.concurrent.ThreadPoolExecutor.runWorker(ThreadPoolExecutor.java:1142)
	at java.util.concurrent.ThreadPoolExecutor$Worker.run(ThreadPoolExecutor.java:617)
	at java.lang.Thread.run(Thread.java:745)
[2017-08-02 20:18:50] 8260975 [pool-10-thread-1] ERROR simple.SingleSimpleRpcClient  - [GasClient_10.10.10.33_9102] connect to rpc server error and sleep 5.0s to retry#3
java.net.SocketException: Network is unreachable
	at sun.nio.ch.Net.connect0(Native Method)
	at sun.nio.ch.Net.connect(Net.java:454)
	at sun.nio.ch.Net.connect(Net.java:446)
	at sun.nio.ch.SocketChannelImpl.connect(SocketChannelImpl.java:648)
	at org.jboss.netty.channel.socket.nio.NioClientSocketPipelineSink.connect(NioClientSocketPipelineSink.java:108)
	at org.jboss.netty.channel.socket.nio.NioClientSocketPipelineSink.eventSunk(NioClientSocketPipelineSink.java:70)
	at org.jboss.netty.channel.DefaultChannelPipeline$DefaultChannelHandlerContext.sendDownstream(DefaultChannelPipeline.java:779)
	at org.jboss.netty.handler.logging.LoggingHandler.handleDownstream(LoggingHandler.java:338)
	at org.jboss.netty.channel.DefaultChannelPipeline.sendDownstream(DefaultChannelPipeline.java:591)
	at org.jboss.netty.channel.DefaultChannelPipeline$DefaultChannelHandlerContext.sendDownstream(DefaultChannelPipeline.java:784)
	at org.jboss.netty.handler.codec.oneone.OneToOneEncoder.handleDownstream(OneToOneEncoder.java:54)
	at org.jboss.netty.channel.DefaultChannelPipeline.sendDownstream(DefaultChannelPipeline.java:591)
	at org.jboss.netty.channel.DefaultChannelPipeline$DefaultChannelHandlerContext.sendDownstream(DefaultChannelPipeline.java:784)
	at org.jboss.netty.handler.execution.ExecutionHandler.handleDownstream(ExecutionHandler.java:186)
	at org.jboss.netty.channel.DefaultChannelPipeline.sendDownstream(DefaultChannelPipeline.java:591)
	at org.jboss.netty.channel.DefaultChannelPipeline$DefaultChannelHandlerContext.sendDownstream(DefaultChannelPipeline.java:784)
	at org.jboss.netty.handler.codec.oneone.OneToOneEncoder.handleDownstream(OneToOneEncoder.java:54)
	at org.jboss.netty.channel.DefaultChannelPipeline.sendDownstream(DefaultChannelPipeline.java:591)
	at org.jboss.netty.channel.DefaultChannelPipeline$DefaultChannelHandlerContext.sendDownstream(DefaultChannelPipeline.java:784)
	at org.jboss.netty.handler.execution.ChannelDownstreamEventRunnable.doRun(ChannelDownstreamEventRunnable.java:38)
	at org.jboss.netty.handler.execution.ChannelEventRunnable.run(ChannelEventRunnable.java:67)
	at java.util.concurrent.ThreadPoolExecutor.runWorker(ThreadPoolExecutor.java:1142)
	at java.util.concurrent.ThreadPoolExecutor$Worker.run(ThreadPoolExecutor.java:617)
	at java.lang.Thread.run(Thread.java:745)
[2017-08-02 20:18:55] 8265981 [pool-9-thread-115] ERROR iohandler.SimpleRpcClientIoHandler  - [GasClient_10.10.10.33_9102] catch exception for channel: -1062228772
java.net.SocketException: Network is unreachable
	at sun.nio.ch.Net.connect0(Native Method)
	at sun.nio.ch.Net.connect(Net.java:454)
	at sun.nio.ch.Net.connect(Net.java:446)
	at sun.nio.ch.SocketChannelImpl.connect(SocketChannelImpl.java:648)
	at org.jboss.netty.channel.socket.nio.NioClientSocketPipelineSink.connect(NioClientSocketPipelineSink.java:108)
	at org.jboss.netty.channel.socket.nio.NioClientSocketPipelineSink.eventSunk(NioClientSocketPipelineSink.java:70)
	at org.jboss.netty.channel.DefaultChannelPipeline$DefaultChannelHandlerContext.sendDownstream(DefaultChannelPipeline.java:779)
	at org.jboss.netty.handler.logging.LoggingHandler.handleDownstream(LoggingHandler.java:338)
	at org.jboss.netty.channel.DefaultChannelPipeline.sendDownstream(DefaultChannelPipeline.java:591)
	at org.jboss.netty.channel.DefaultChannelPipeline$DefaultChannelHandlerContext.sendDownstream(DefaultChannelPipeline.java:784)
	at org.jboss.netty.handler.codec.oneone.OneToOneEncoder.handleDownstream(OneToOneEncoder.java:54)
	at org.jboss.netty.channel.DefaultChannelPipeline.sendDownstream(DefaultChannelPipeline.java:591)
	at org.jboss.netty.channel.DefaultChannelPipeline$DefaultChannelHandlerContext.sendDownstream(DefaultChannelPipeline.java:784)
	at org.jboss.netty.handler.execution.ExecutionHandler.handleDownstream(ExecutionHandler.java:186)
	at org.jboss.netty.channel.DefaultChannelPipeline.sendDownstream(DefaultChannelPipeline.java:591)
	at org.jboss.netty.channel.DefaultChannelPipeline$DefaultChannelHandlerContext.sendDownstream(DefaultChannelPipeline.java:784)
	at org.jboss.netty.handler.codec.oneone.OneToOneEncoder.handleDownstream(OneToOneEncoder.java:54)
	at org.jboss.netty.channel.DefaultChannelPipeline.sendDownstream(DefaultChannelPipeline.java:591)
	at org.jboss.netty.channel.DefaultChannelPipeline$DefaultChannelHandlerContext.sendDownstream(DefaultChannelPipeline.java:784)
	at org.jboss.netty.handler.execution.ChannelDownstreamEventRunnable.doRun(ChannelDownstreamEventRunnable.java:38)
	at org.jboss.netty.handler.execution.ChannelEventRunnable.run(ChannelEventRunnable.java:67)
	at java.util.concurrent.ThreadPoolExecutor.runWorker(ThreadPoolExecutor.java:1142)
	at java.util.concurrent.ThreadPoolExecutor$Worker.run(ThreadPoolExecutor.java:617)
	at java.lang.Thread.run(Thread.java:745)
[2017-08-02 20:18:55] 8265982 [pool-10-thread-1] ERROR simple.SingleSimpleRpcClient  - java.util.concurrent.ExecutionException: com.hadoit.game.engine.core.rpc.base.exception.RpcConnectException: [GasClient_10.10.10.33_9102] connect to rpc server error and reaches max retries!
[2017-08-02 20:18:55] 8265983 [pool-4-thread-1] WARN  simple.SingleSimpleRpcClient  - [GasClient_10.10.10.33_9102] single simple rpc connection sleep 10.0s to reconnect...
[2017-08-02 20:18:55] 8265983 [pool-9-thread-115] ERROR iohandler.SimpleRpcClientIoHandler  - [GasClient_10.10.10.33_9102] catch exception for channel: 327003501
java.net.SocketException: Network is unreachable
	at sun.nio.ch.Net.connect0(Native Method)
	at sun.nio.ch.Net.connect(Net.java:454)
	at sun.nio.ch.Net.connect(Net.java:446)
	at sun.nio.ch.SocketChannelImpl.connect(SocketChannelImpl.java:648)
	at org.jboss.netty.channel.socket.nio.NioClientSocketPipelineSink.connect(NioClientSocketPipelineSink.java:108)
	at org.jboss.netty.channel.socket.nio.NioClientSocketPipelineSink.eventSunk(NioClientSocketPipelineSink.java:70)
	at org.jboss.netty.channel.DefaultChannelPipeline$DefaultChannelHandlerContext.sendDownstream(DefaultChannelPipeline.java:779)
	at org.jboss.netty.handler.logging.LoggingHandler.handleDownstream(LoggingHandler.java:338)
	at org.jboss.netty.channel.DefaultChannelPipeline.sendDownstream(DefaultChannelPipeline.java:591)
	at org.jboss.netty.channel.DefaultChannelPipeline$DefaultChannelHandlerContext.sendDownstream(DefaultChannelPipeline.java:784)
	at org.jboss.netty.handler.codec.oneone.OneToOneEncoder.handleDownstream(OneToOneEncoder.java:54)
	at org.jboss.netty.channel.DefaultChannelPipeline.sendDownstream(DefaultChannelPipeline.java:591)
	at org.jboss.netty.channel.DefaultChannelPipeline$DefaultChannelHandlerContext.sendDownstream(DefaultChannelPipeline.java:784)
	at org.jboss.netty.handler.execution.ExecutionHandler.handleDownstream(ExecutionHandler.java:186)
	at org.jboss.netty.channel.DefaultChannelPipeline.sendDownstream(DefaultChannelPipeline.java:591)
	at org.jboss.netty.channel.DefaultChannelPipeline$DefaultChannelHandlerContext.sendDownstream(DefaultChannelPipeline.java:784)
	at org.jboss.netty.handler.codec.oneone.OneToOneEncoder.handleDownstream(OneToOneEncoder.java:54)
	at org.jboss.netty.channel.DefaultChannelPipeline.sendDownstream(DefaultChannelPipeline.java:591)
	at org.jboss.netty.channel.DefaultChannelPipeline$DefaultChannelHandlerContext.sendDownstream(DefaultChannelPipeline.java:784)
	at org.jboss.netty.handler.execution.ChannelDownstreamEventRunnable.doRun(ChannelDownstreamEventRunnable.java:38)
	at org.jboss.netty.handler.execution.ChannelEventRunnable.run(ChannelEventRunnable.java:67)
	at java.util.concurrent.ThreadPoolExecutor.runWorker(ThreadPoolExecutor.java:1142)
	at java.util.concurrent.ThreadPoolExecutor$Worker.run(ThreadPoolExecutor.java:617)
	at java.lang.Thread.run(Thread.java:745)
[2017-08-02 20:19:15] 8286070 [New I/O boss #17] ERROR simple.SingleSimpleRpcClient  - [GasClient_10.10.10.33_9102] connect to rpc server error and sleep 5.0s to retry#1
org.jboss.netty.channel.ConnectTimeoutException: connection timed out: /10.10.10.33:9102
	at org.jboss.netty.channel.socket.nio.NioClientBoss.processConnectTimeout(NioClientBoss.java:139)
	at org.jboss.netty.channel.socket.nio.NioClientBoss.process(NioClientBoss.java:83)
	at org.jboss.netty.channel.socket.nio.AbstractNioSelector.run(AbstractNioSelector.java:337)
	at org.jboss.netty.channel.socket.nio.NioClientBoss.run(NioClientBoss.java:42)
	at org.jboss.netty.util.ThreadRenamingRunnable.run(ThreadRenamingRunnable.java:108)
	at org.jboss.netty.util.internal.DeadLockProofWorker$1.run(DeadLockProofWorker.java:42)
	at java.util.concurrent.ThreadPoolExecutor.runWorker(ThreadPoolExecutor.java:1142)
	at java.util.concurrent.ThreadPoolExecutor$Worker.run(ThreadPoolExecutor.java:617)
	at java.lang.Thread.run(Thread.java:745)
[2017-08-02 20:19:20] 8291080 [pool-9-thread-115] ERROR iohandler.SimpleRpcClientIoHandler  - [GasClient_10.10.10.33_9102] catch exception for channel: -596953819
org.jboss.netty.channel.ConnectTimeoutException: connection timed out: /10.10.10.33:9102
	at org.jboss.netty.channel.socket.nio.NioClientBoss.processConnectTimeout(NioClientBoss.java:139)
	at org.jboss.netty.channel.socket.nio.NioClientBoss.process(NioClientBoss.java:83)
	at org.jboss.netty.channel.socket.nio.AbstractNioSelector.run(AbstractNioSelector.java:337)
	at org.jboss.netty.channel.socket.nio.NioClientBoss.run(NioClientBoss.java:42)
	at org.jboss.netty.util.ThreadRenamingRunnable.run(ThreadRenamingRunnable.java:108)
	at org.jboss.netty.util.internal.DeadLockProofWorker$1.run(DeadLockProofWorker.java:42)
	at java.util.concurrent.ThreadPoolExecutor.runWorker(ThreadPoolExecutor.java:1142)
	at java.util.concurrent.ThreadPoolExecutor$Worker.run(ThreadPoolExecutor.java:617)
	at java.lang.Thread.run(Thread.java:745)
[2017-08-02 20:19:47] 8318469 [New I/O boss #17] ERROR simple.SingleSimpleRpcClient  - [GasClient_10.10.10.33_9102] connect to rpc server error and sleep 5.0s to retry#2
org.jboss.netty.channel.ConnectTimeoutException: connection timed out: /10.10.10.33:9102
	at org.jboss.netty.channel.socket.nio.NioClientBoss.processConnectTimeout(NioClientBoss.java:139)
	at org.jboss.netty.channel.socket.nio.NioClientBoss.process(NioClientBoss.java:83)
	at org.jboss.netty.channel.socket.nio.AbstractNioSelector.run(AbstractNioSelector.java:337)
	at org.jboss.netty.channel.socket.nio.NioClientBoss.run(NioClientBoss.java:42)
	at org.jboss.netty.util.ThreadRenamingRunnable.run(ThreadRenamingRunnable.java:108)
	at org.jboss.netty.util.internal.DeadLockProofWorker$1.run(DeadLockProofWorker.java:42)
	at java.util.concurrent.ThreadPoolExecutor.runWorker(ThreadPoolExecutor.java:1142)
	at java.util.concurrent.ThreadPoolExecutor$Worker.run(ThreadPoolExecutor.java:617)
	at java.lang.Thread.run(Thread.java:745)
[2017-08-02 20:19:52] 8323476 [pool-9-thread-115] ERROR iohandler.SimpleRpcClientIoHandler  - [GasClient_10.10.10.33_9102] catch exception for channel: 1079261201
org.jboss.netty.channel.ConnectTimeoutException: connection timed out: /10.10.10.33:9102
	at org.jboss.netty.channel.socket.nio.NioClientBoss.processConnectTimeout(NioClientBoss.java:139)
	at org.jboss.netty.channel.socket.nio.NioClientBoss.process(NioClientBoss.java:83)
	at org.jboss.netty.channel.socket.nio.AbstractNioSelector.run(AbstractNioSelector.java:337)
	at org.jboss.netty.channel.socket.nio.NioClientBoss.run(NioClientBoss.java:42)
	at org.jboss.netty.util.ThreadRenamingRunnable.run(ThreadRenamingRunnable.java:108)
	at org.jboss.netty.util.internal.DeadLockProofWorker$1.run(DeadLockProofWorker.java:42)
	at java.util.concurrent.ThreadPoolExecutor.runWorker(ThreadPoolExecutor.java:1142)
	at java.util.concurrent.ThreadPoolExecutor$Worker.run(ThreadPoolExecutor.java:617)
	at java.lang.Thread.run(Thread.java:745)
[2017-08-02 20:20:02] 8333547 [New I/O boss #17] ERROR simple.SingleSimpleRpcClient  - [GasClient_10.10.10.33_9102] connect to rpc server error and sleep 5.0s to retry#3
org.jboss.netty.channel.ConnectTimeoutException: connection timed out: /10.10.10.33:9102
	at org.jboss.netty.channel.socket.nio.NioClientBoss.processConnectTimeout(NioClientBoss.java:139)
	at org.jboss.netty.channel.socket.nio.NioClientBoss.process(NioClientBoss.java:83)
	at org.jboss.netty.channel.socket.nio.AbstractNioSelector.run(AbstractNioSelector.java:337)
	at org.jboss.netty.channel.socket.nio.NioClientBoss.run(NioClientBoss.java:42)
	at org.jboss.netty.util.ThreadRenamingRunnable.run(ThreadRenamingRunnable.java:108)
	at org.jboss.netty.util.internal.DeadLockProofWorker$1.run(DeadLockProofWorker.java:42)
	at java.util.concurrent.ThreadPoolExecutor.runWorker(ThreadPoolExecutor.java:1142)
	at java.util.concurrent.ThreadPoolExecutor$Worker.run(ThreadPoolExecutor.java:617)
	at java.lang.Thread.run(Thread.java:745)
[2017-08-02 20:20:07] 8338551 [pool-9-thread-115] ERROR iohandler.SimpleRpcClientIoHandler  - [GasClient_10.10.10.33_9102] catch exception for channel: -624545828
org.jboss.netty.channel.ConnectTimeoutException: connection timed out: /10.10.10.33:9102
	at org.jboss.netty.channel.socket.nio.NioClientBoss.processConnectTimeout(NioClientBoss.java:139)
	at org.jboss.netty.channel.socket.nio.NioClientBoss.process(NioClientBoss.java:83)
	at org.jboss.netty.channel.socket.nio.AbstractNioSelector.run(AbstractNioSelector.java:337)
	at org.jboss.netty.channel.socket.nio.NioClientBoss.run(NioClientBoss.java:42)
	at org.jboss.netty.util.ThreadRenamingRunnable.run(ThreadRenamingRunnable.java:108)
	at org.jboss.netty.util.internal.DeadLockProofWorker$1.run(DeadLockProofWorker.java:42)
	at java.util.concurrent.ThreadPoolExecutor.runWorker(ThreadPoolExecutor.java:1142)
	at java.util.concurrent.ThreadPoolExecutor$Worker.run(ThreadPoolExecutor.java:617)
	at java.lang.Thread.run(Thread.java:745)
[2017-08-02 20:20:17] 8348570 [New I/O boss #17] ERROR simple.SingleSimpleRpcClient  - java.util.concurrent.ExecutionException: com.hadoit.game.engine.core.rpc.base.exception.RpcConnectException: [GasClient_10.10.10.33_9102] connect to rpc server error and reaches max retries!
[2017-08-02 20:20:17] 8348571 [pool-4-thread-1] WARN  simple.SingleSimpleRpcClient  - [GasClient_10.10.10.33_9102] single simple rpc connection sleep 10.0s to reconnect...
[2017-08-02 20:20:17] 8348571 [pool-9-thread-115] ERROR iohandler.SimpleRpcClientIoHandler  - [GasClient_10.10.10.33_9102] catch exception for channel: 1091686651
org.jboss.netty.channel.ConnectTimeoutException: connection timed out: /10.10.10.33:9102
	at org.jboss.netty.channel.socket.nio.NioClientBoss.processConnectTimeout(NioClientBoss.java:139)
	at org.jboss.netty.channel.socket.nio.NioClientBoss.process(NioClientBoss.java:83)
	at org.jboss.netty.channel.socket.nio.AbstractNioSelector.run(AbstractNioSelector.java:337)
	at org.jboss.netty.channel.socket.nio.NioClientBoss.run(NioClientBoss.java:42)
	at org.jboss.netty.util.ThreadRenamingRunnable.run(ThreadRenamingRunnable.java:108)
	at org.jboss.netty.util.internal.DeadLockProofWorker$1.run(DeadLockProofWorker.java:42)
	at java.util.concurrent.ThreadPoolExecutor.runWorker(ThreadPoolExecutor.java:1142)
	at java.util.concurrent.ThreadPoolExecutor$Worker.run(ThreadPoolExecutor.java:617)
	at java.lang.Thread.run(Thread.java:745)
[2017-08-02 20:20:38] 8368647 [New I/O boss #17] ERROR simple.SingleSimpleRpcClient  - [GasClient_10.10.10.33_9102] connect to rpc server error and sleep 5.0s to retry#1
org.jboss.netty.channel.ConnectTimeoutException: connection timed out: /10.10.10.33:9102
	at org.jboss.netty.channel.socket.nio.NioClientBoss.processConnectTimeout(NioClientBoss.java:139)
	at org.jboss.netty.channel.socket.nio.NioClientBoss.process(NioClientBoss.java:83)
	at org.jboss.netty.channel.socket.nio.AbstractNioSelector.run(AbstractNioSelector.java:337)
	at org.jboss.netty.channel.socket.nio.NioClientBoss.run(NioClientBoss.java:42)
	at org.jboss.netty.util.ThreadRenamingRunnable.run(ThreadRenamingRunnable.java:108)
	at org.jboss.netty.util.internal.DeadLockProofWorker$1.run(DeadLockProofWorker.java:42)
	at java.util.concurrent.ThreadPoolExecutor.runWorker(ThreadPoolExecutor.java:1142)
	at java.util.concurrent.ThreadPoolExecutor$Worker.run(ThreadPoolExecutor.java:617)
	at java.lang.Thread.run(Thread.java:745)
[2017-08-02 20:20:43] 8373652 [pool-9-thread-115] ERROR iohandler.SimpleRpcClientIoHandler  - [GasClient_10.10.10.33_9102] catch exception for channel: 394819703
org.jboss.netty.channel.ConnectTimeoutException: connection timed out: /10.10.10.33:9102
	at org.jboss.netty.channel.socket.nio.NioClientBoss.processConnectTimeout(NioClientBoss.java:139)
	at org.jboss.netty.channel.socket.nio.NioClientBoss.process(NioClientBoss.java:83)
	at org.jboss.netty.channel.socket.nio.AbstractNioSelector.run(AbstractNioSelector.java:337)
	at org.jboss.netty.channel.socket.nio.NioClientBoss.run(NioClientBoss.java:42)
	at org.jboss.netty.util.ThreadRenamingRunnable.run(ThreadRenamingRunnable.java:108)
	at org.jboss.netty.util.internal.DeadLockProofWorker$1.run(DeadLockProofWorker.java:42)
	at java.util.concurrent.ThreadPoolExecutor.runWorker(ThreadPoolExecutor.java:1142)
	at java.util.concurrent.ThreadPoolExecutor$Worker.run(ThreadPoolExecutor.java:617)
	at java.lang.Thread.run(Thread.java:745)
[2017-08-02 20:20:53] 8383668 [New I/O boss #17] ERROR simple.SingleSimpleRpcClient  - [GasClient_10.10.10.33_9102] connect to rpc server error and sleep 5.0s to retry#2
org.jboss.netty.channel.ConnectTimeoutException: connection timed out: /10.10.10.33:9102
	at org.jboss.netty.channel.socket.nio.NioClientBoss.processConnectTimeout(NioClientBoss.java:139)
	at org.jboss.netty.channel.socket.nio.NioClientBoss.process(NioClientBoss.java:83)
	at org.jboss.netty.channel.socket.nio.AbstractNioSelector.run(AbstractNioSelector.java:337)
	at org.jboss.netty.channel.socket.nio.NioClientBoss.run(NioClientBoss.java:42)
	at org.jboss.netty.util.ThreadRenamingRunnable.run(ThreadRenamingRunnable.java:108)
	at org.jboss.netty.util.internal.DeadLockProofWorker$1.run(DeadLockProofWorker.java:42)
	at java.util.concurrent.ThreadPoolExecutor.runWorker(ThreadPoolExecutor.java:1142)
	at java.util.concurrent.ThreadPoolExecutor$Worker.run(ThreadPoolExecutor.java:617)
	at java.lang.Thread.run(Thread.java:745)
[2017-08-02 20:20:58] 8388672 [pool-9-thread-115] ERROR iohandler.SimpleRpcClientIoHandler  - [GasClient_10.10.10.33_9102] catch exception for channel: -539062372
org.jboss.netty.channel.ConnectTimeoutException: connection timed out: /10.10.10.33:9102
	at org.jboss.netty.channel.socket.nio.NioClientBoss.processConnectTimeout(NioClientBoss.java:139)
	at org.jboss.netty.channel.socket.nio.NioClientBoss.process(NioClientBoss.java:83)
	at org.jboss.netty.channel.socket.nio.AbstractNioSelector.run(AbstractNioSelector.java:337)
	at org.jboss.netty.channel.socket.nio.NioClientBoss.run(NioClientBoss.java:42)
	at org.jboss.netty.util.ThreadRenamingRunnable.run(ThreadRenamingRunnable.java:108)
	at org.jboss.netty.util.internal.DeadLockProofWorker$1.run(DeadLockProofWorker.java:42)
	at java.util.concurrent.ThreadPoolExecutor.runWorker(ThreadPoolExecutor.java:1142)
	at java.util.concurrent.ThreadPoolExecutor$Worker.run(ThreadPoolExecutor.java:617)
	at java.lang.Thread.run(Thread.java:745)
[2017-08-02 20:21:08] 8398747 [New I/O boss #17] ERROR simple.SingleSimpleRpcClient  - [GasClient_10.10.10.33_9102] connect to rpc server error and sleep 5.0s to retry#3
org.jboss.netty.channel.ConnectTimeoutException: connection timed out: /10.10.10.33:9102
	at org.jboss.netty.channel.socket.nio.NioClientBoss.processConnectTimeout(NioClientBoss.java:139)
	at org.jboss.netty.channel.socket.nio.NioClientBoss.process(NioClientBoss.java:83)
	at org.jboss.netty.channel.socket.nio.AbstractNioSelector.run(AbstractNioSelector.java:337)
	at org.jboss.netty.channel.socket.nio.NioClientBoss.run(NioClientBoss.java:42)
	at org.jboss.netty.util.ThreadRenamingRunnable.run(ThreadRenamingRunnable.java:108)
	at org.jboss.netty.util.internal.DeadLockProofWorker$1.run(DeadLockProofWorker.java:42)
	at java.util.concurrent.ThreadPoolExecutor.runWorker(ThreadPoolExecutor.java:1142)
	at java.util.concurrent.ThreadPoolExecutor$Worker.run(ThreadPoolExecutor.java:617)
	at java.lang.Thread.run(Thread.java:745)
[2017-08-02 20:21:13] 8403753 [pool-9-thread-115] ERROR iohandler.SimpleRpcClientIoHandler  - [GasClient_10.10.10.33_9102] catch exception for channel: 1478757312
org.jboss.netty.channel.ConnectTimeoutException: connection timed out: /10.10.10.33:9102
	at org.jboss.netty.channel.socket.nio.NioClientBoss.processConnectTimeout(NioClientBoss.java:139)
	at org.jboss.netty.channel.socket.nio.NioClientBoss.process(NioClientBoss.java:83)
	at org.jboss.netty.channel.socket.nio.AbstractNioSelector.run(AbstractNioSelector.java:337)
	at org.jboss.netty.channel.socket.nio.NioClientBoss.run(NioClientBoss.java:42)
	at org.jboss.netty.util.ThreadRenamingRunnable.run(ThreadRenamingRunnable.java:108)
	at org.jboss.netty.util.internal.DeadLockProofWorker$1.run(DeadLockProofWorker.java:42)
	at java.util.concurrent.ThreadPoolExecutor.runWorker(ThreadPoolExecutor.java:1142)
	at java.util.concurrent.ThreadPoolExecutor$Worker.run(ThreadPoolExecutor.java:617)
	at java.lang.Thread.run(Thread.java:745)
[2017-08-02 20:21:23] 8413767 [New I/O boss #17] ERROR simple.SingleSimpleRpcClient  - java.util.concurrent.ExecutionException: com.hadoit.game.engine.core.rpc.base.exception.RpcConnectException: [GasClient_10.10.10.33_9102] connect to rpc server error and reaches max retries!
[2017-08-02 20:21:23] 8413768 [pool-4-thread-1] WARN  simple.SingleSimpleRpcClient  - [GasClient_10.10.10.33_9102] single simple rpc connection sleep 10.0s to reconnect...
[2017-08-02 20:21:23] 8413768 [pool-9-thread-115] ERROR iohandler.SimpleRpcClientIoHandler  - [GasClient_10.10.10.33_9102] catch exception for channel: -1076611109
org.jboss.netty.channel.ConnectTimeoutException: connection timed out: /10.10.10.33:9102
	at org.jboss.netty.channel.socket.nio.NioClientBoss.processConnectTimeout(NioClientBoss.java:139)
	at org.jboss.netty.channel.socket.nio.NioClientBoss.process(NioClientBoss.java:83)
	at org.jboss.netty.channel.socket.nio.AbstractNioSelector.run(AbstractNioSelector.java:337)
	at org.jboss.netty.channel.socket.nio.NioClientBoss.run(NioClientBoss.java:42)
	at org.jboss.netty.util.ThreadRenamingRunnable.run(ThreadRenamingRunnable.java:108)
	at org.jboss.netty.util.internal.DeadLockProofWorker$1.run(DeadLockProofWorker.java:42)
	at java.util.concurrent.ThreadPoolExecutor.runWorker(ThreadPoolExecutor.java:1142)
	at java.util.concurrent.ThreadPoolExecutor$Worker.run(ThreadPoolExecutor.java:617)
	at java.lang.Thread.run(Thread.java:745)
[2017-08-02 20:21:43] 8433846 [New I/O boss #17] ERROR simple.SingleSimpleRpcClient  - [GasClient_10.10.10.33_9102] connect to rpc server error and sleep 5.0s to retry#1
org.jboss.netty.channel.ConnectTimeoutException: connection timed out: /10.10.10.33:9102
	at org.jboss.netty.channel.socket.nio.NioClientBoss.processConnectTimeout(NioClientBoss.java:139)
	at org.jboss.netty.channel.socket.nio.NioClientBoss.process(NioClientBoss.java:83)
	at org.jboss.netty.channel.socket.nio.AbstractNioSelector.run(AbstractNioSelector.java:337)
	at org.jboss.netty.channel.socket.nio.NioClientBoss.run(NioClientBoss.java:42)
	at org.jboss.netty.util.ThreadRenamingRunnable.run(ThreadRenamingRunnable.java:108)
	at org.jboss.netty.util.internal.DeadLockProofWorker$1.run(DeadLockProofWorker.java:42)
	at java.util.concurrent.ThreadPoolExecutor.runWorker(ThreadPoolExecutor.java:1142)
	at java.util.concurrent.ThreadPoolExecutor$Worker.run(ThreadPoolExecutor.java:617)
	at java.lang.Thread.run(Thread.java:745)
[2017-08-02 20:21:48] 8438847 [pool-9-thread-115] ERROR iohandler.SimpleRpcClientIoHandler  - [GasClient_10.10.10.33_9102] catch exception for channel: -1541571926
org.jboss.netty.channel.ConnectTimeoutException: connection timed out: /10.10.10.33:9102
	at org.jboss.netty.channel.socket.nio.NioClientBoss.processConnectTimeout(NioClientBoss.java:139)
	at org.jboss.netty.channel.socket.nio.NioClientBoss.process(NioClientBoss.java:83)
	at org.jboss.netty.channel.socket.nio.AbstractNioSelector.run(AbstractNioSelector.java:337)
	at org.jboss.netty.channel.socket.nio.NioClientBoss.run(NioClientBoss.java:42)
	at org.jboss.netty.util.ThreadRenamingRunnable.run(ThreadRenamingRunnable.java:108)
	at org.jboss.netty.util.internal.DeadLockProofWorker$1.run(DeadLockProofWorker.java:42)
	at java.util.concurrent.ThreadPoolExecutor.runWorker(ThreadPoolExecutor.java:1142)
	at java.util.concurrent.ThreadPoolExecutor$Worker.run(ThreadPoolExecutor.java:617)
	at java.lang.Thread.run(Thread.java:745)
[2017-08-02 20:21:58] 8448867 [New I/O boss #17] ERROR simple.SingleSimpleRpcClient  - [GasClient_10.10.10.33_9102] connect to rpc server error and sleep 5.0s to retry#2
org.jboss.netty.channel.ConnectTimeoutException: connection timed out: /10.10.10.33:9102
	at org.jboss.netty.channel.socket.nio.NioClientBoss.processConnectTimeout(NioClientBoss.java:139)
	at org.jboss.netty.channel.socket.nio.NioClientBoss.process(NioClientBoss.java:83)
	at org.jboss.netty.channel.socket.nio.AbstractNioSelector.run(AbstractNioSelector.java:337)
	at org.jboss.netty.channel.socket.nio.NioClientBoss.run(NioClientBoss.java:42)
	at org.jboss.netty.util.ThreadRenamingRunnable.run(ThreadRenamingRunnable.java:108)
	at org.jboss.netty.util.internal.DeadLockProofWorker$1.run(DeadLockProofWorker.java:42)
	at java.util.concurrent.ThreadPoolExecutor.runWorker(ThreadPoolExecutor.java:1142)
	at java.util.concurrent.ThreadPoolExecutor$Worker.run(ThreadPoolExecutor.java:617)
	at java.lang.Thread.run(Thread.java:745)
[2017-08-02 20:22:03] 8453872 [pool-9-thread-115] ERROR iohandler.SimpleRpcClientIoHandler  - [GasClient_10.10.10.33_9102] catch exception for channel: 2111324104
org.jboss.netty.channel.ConnectTimeoutException: connection timed out: /10.10.10.33:9102
	at org.jboss.netty.channel.socket.nio.NioClientBoss.processConnectTimeout(NioClientBoss.java:139)
	at org.jboss.netty.channel.socket.nio.NioClientBoss.process(NioClientBoss.java:83)
	at org.jboss.netty.channel.socket.nio.AbstractNioSelector.run(AbstractNioSelector.java:337)
	at org.jboss.netty.channel.socket.nio.NioClientBoss.run(NioClientBoss.java:42)
	at org.jboss.netty.util.ThreadRenamingRunnable.run(ThreadRenamingRunnable.java:108)
	at org.jboss.netty.util.internal.DeadLockProofWorker$1.run(DeadLockProofWorker.java:42)
	at java.util.concurrent.ThreadPoolExecutor.runWorker(ThreadPoolExecutor.java:1142)
	at java.util.concurrent.ThreadPoolExecutor$Worker.run(ThreadPoolExecutor.java:617)
	at java.lang.Thread.run(Thread.java:745)
[2017-08-02 20:22:13] 8463937 [New I/O boss #17] ERROR simple.SingleSimpleRpcClient  - [GasClient_10.10.10.33_9102] connect to rpc server error and sleep 5.0s to retry#3
org.jboss.netty.channel.ConnectTimeoutException: connection timed out: /10.10.10.33:9102
	at org.jboss.netty.channel.socket.nio.NioClientBoss.processConnectTimeout(NioClientBoss.java:139)
	at org.jboss.netty.channel.socket.nio.NioClientBoss.process(NioClientBoss.java:83)
	at org.jboss.netty.channel.socket.nio.AbstractNioSelector.run(AbstractNioSelector.java:337)
	at org.jboss.netty.channel.socket.nio.NioClientBoss.run(NioClientBoss.java:42)
	at org.jboss.netty.util.ThreadRenamingRunnable.run(ThreadRenamingRunnable.java:108)
	at org.jboss.netty.util.internal.DeadLockProofWorker$1.run(DeadLockProofWorker.java:42)
	at java.util.concurrent.ThreadPoolExecutor.runWorker(ThreadPoolExecutor.java:1142)
	at java.util.concurrent.ThreadPoolExecutor$Worker.run(ThreadPoolExecutor.java:617)
	at java.lang.Thread.run(Thread.java:745)
[2017-08-02 20:22:18] 8468939 [pool-9-thread-115] ERROR iohandler.SimpleRpcClientIoHandler  - [GasClient_10.10.10.33_9102] catch exception for channel: 1918571338
org.jboss.netty.channel.ConnectTimeoutException: connection timed out: /10.10.10.33:9102
	at org.jboss.netty.channel.socket.nio.NioClientBoss.processConnectTimeout(NioClientBoss.java:139)
	at org.jboss.netty.channel.socket.nio.NioClientBoss.process(NioClientBoss.java:83)
	at org.jboss.netty.channel.socket.nio.AbstractNioSelector.run(AbstractNioSelector.java:337)
	at org.jboss.netty.channel.socket.nio.NioClientBoss.run(NioClientBoss.java:42)
	at org.jboss.netty.util.ThreadRenamingRunnable.run(ThreadRenamingRunnable.java:108)
	at org.jboss.netty.util.internal.DeadLockProofWorker$1.run(DeadLockProofWorker.java:42)
	at java.util.concurrent.ThreadPoolExecutor.runWorker(ThreadPoolExecutor.java:1142)
	at java.util.concurrent.ThreadPoolExecutor$Worker.run(ThreadPoolExecutor.java:617)
	at java.lang.Thread.run(Thread.java:745)
[2017-08-02 20:22:28] 8478964 [New I/O boss #17] ERROR simple.SingleSimpleRpcClient  - java.util.concurrent.ExecutionException: com.hadoit.game.engine.core.rpc.base.exception.RpcConnectException: [GasClient_10.10.10.33_9102] connect to rpc server error and reaches max retries!
[2017-08-02 20:22:28] 8478965 [pool-4-thread-1] WARN  simple.SingleSimpleRpcClient  - [GasClient_10.10.10.33_9102] single simple rpc connection sleep 10.0s to reconnect...
[2017-08-02 20:22:28] 8478965 [pool-9-thread-115] ERROR iohandler.SimpleRpcClientIoHandler  - [GasClient_10.10.10.33_9102] catch exception for channel: -1299354057
org.jboss.netty.channel.ConnectTimeoutException: connection timed out: /10.10.10.33:9102
	at org.jboss.netty.channel.socket.nio.NioClientBoss.processConnectTimeout(NioClientBoss.java:139)
	at org.jboss.netty.channel.socket.nio.NioClientBoss.process(NioClientBoss.java:83)
	at org.jboss.netty.channel.socket.nio.AbstractNioSelector.run(AbstractNioSelector.java:337)
	at org.jboss.netty.channel.socket.nio.NioClientBoss.run(NioClientBoss.java:42)
	at org.jboss.netty.util.ThreadRenamingRunnable.run(ThreadRenamingRunnable.java:108)
	at org.jboss.netty.util.internal.DeadLockProofWorker$1.run(DeadLockProofWorker.java:42)
	at java.util.concurrent.ThreadPoolExecutor.runWorker(ThreadPoolExecutor.java:1142)
	at java.util.concurrent.ThreadPoolExecutor$Worker.run(ThreadPoolExecutor.java:617)
	at java.lang.Thread.run(Thread.java:745)
[2017-08-02 20:22:48] 8499049 [New I/O boss #17] ERROR simple.SingleSimpleRpcClient  - [GasClient_10.10.10.33_9102] connect to rpc server error and sleep 5.0s to retry#1
org.jboss.netty.channel.ConnectTimeoutException: connection timed out: /10.10.10.33:9102
	at org.jboss.netty.channel.socket.nio.NioClientBoss.processConnectTimeout(NioClientBoss.java:139)
	at org.jboss.netty.channel.socket.nio.NioClientBoss.process(NioClientBoss.java:83)
	at org.jboss.netty.channel.socket.nio.AbstractNioSelector.run(AbstractNioSelector.java:337)
	at org.jboss.netty.channel.socket.nio.NioClientBoss.run(NioClientBoss.java:42)
	at org.jboss.netty.util.ThreadRenamingRunnable.run(ThreadRenamingRunnable.java:108)
	at org.jboss.netty.util.internal.DeadLockProofWorker$1.run(DeadLockProofWorker.java:42)
	at java.util.concurrent.ThreadPoolExecutor.runWorker(ThreadPoolExecutor.java:1142)
	at java.util.concurrent.ThreadPoolExecutor$Worker.run(ThreadPoolExecutor.java:617)
	at java.lang.Thread.run(Thread.java:745)
[2017-08-02 20:22:53] 8504054 [pool-9-thread-115] ERROR iohandler.SimpleRpcClientIoHandler  - [GasClient_10.10.10.33_9102] catch exception for channel: 1922215413
org.jboss.netty.channel.ConnectTimeoutException: connection timed out: /10.10.10.33:9102
	at org.jboss.netty.channel.socket.nio.NioClientBoss.processConnectTimeout(NioClientBoss.java:139)
	at org.jboss.netty.channel.socket.nio.NioClientBoss.process(NioClientBoss.java:83)
	at org.jboss.netty.channel.socket.nio.AbstractNioSelector.run(AbstractNioSelector.java:337)
	at org.jboss.netty.channel.socket.nio.NioClientBoss.run(NioClientBoss.java:42)
	at org.jboss.netty.util.ThreadRenamingRunnable.run(ThreadRenamingRunnable.java:108)
	at org.jboss.netty.util.internal.DeadLockProofWorker$1.run(DeadLockProofWorker.java:42)
	at java.util.concurrent.ThreadPoolExecutor.runWorker(ThreadPoolExecutor.java:1142)
	at java.util.concurrent.ThreadPoolExecutor$Worker.run(ThreadPoolExecutor.java:617)
	at java.lang.Thread.run(Thread.java:745)
[2017-08-02 20:23:03] 8514065 [New I/O boss #17] ERROR simple.SingleSimpleRpcClient  - [GasClient_10.10.10.33_9102] connect to rpc server error and sleep 5.0s to retry#2
org.jboss.netty.channel.ConnectTimeoutException: connection timed out: /10.10.10.33:9102
	at org.jboss.netty.channel.socket.nio.NioClientBoss.processConnectTimeout(NioClientBoss.java:139)
	at org.jboss.netty.channel.socket.nio.NioClientBoss.process(NioClientBoss.java:83)
	at org.jboss.netty.channel.socket.nio.AbstractNioSelector.run(AbstractNioSelector.java:337)
	at org.jboss.netty.channel.socket.nio.NioClientBoss.run(NioClientBoss.java:42)
	at org.jboss.netty.util.ThreadRenamingRunnable.run(ThreadRenamingRunnable.java:108)
	at org.jboss.netty.util.internal.DeadLockProofWorker$1.run(DeadLockProofWorker.java:42)
	at java.util.concurrent.ThreadPoolExecutor.runWorker(ThreadPoolExecutor.java:1142)
	at java.util.concurrent.ThreadPoolExecutor$Worker.run(ThreadPoolExecutor.java:617)
	at java.lang.Thread.run(Thread.java:745)
[2017-08-02 20:23:08] 8519070 [pool-9-thread-115] ERROR iohandler.SimpleRpcClientIoHandler  - [GasClient_10.10.10.33_9102] catch exception for channel: -372519428
org.jboss.netty.channel.ConnectTimeoutException: connection timed out: /10.10.10.33:9102
	at org.jboss.netty.channel.socket.nio.NioClientBoss.processConnectTimeout(NioClientBoss.java:139)
	at org.jboss.netty.channel.socket.nio.NioClientBoss.process(NioClientBoss.java:83)
	at org.jboss.netty.channel.socket.nio.AbstractNioSelector.run(AbstractNioSelector.java:337)
	at org.jboss.netty.channel.socket.nio.NioClientBoss.run(NioClientBoss.java:42)
	at org.jboss.netty.util.ThreadRenamingRunnable.run(ThreadRenamingRunnable.java:108)
	at org.jboss.netty.util.internal.DeadLockProofWorker$1.run(DeadLockProofWorker.java:42)
	at java.util.concurrent.ThreadPoolExecutor.runWorker(ThreadPoolExecutor.java:1142)
	at java.util.concurrent.ThreadPoolExecutor$Worker.run(ThreadPoolExecutor.java:617)
	at java.lang.Thread.run(Thread.java:745)
[2017-08-02 20:23:18] 8529142 [New I/O boss #17] ERROR simple.SingleSimpleRpcClient  - [GasClient_10.10.10.33_9102] connect to rpc server error and sleep 5.0s to retry#3
org.jboss.netty.channel.ConnectTimeoutException: connection timed out: /10.10.10.33:9102
	at org.jboss.netty.channel.socket.nio.NioClientBoss.processConnectTimeout(NioClientBoss.java:139)
	at org.jboss.netty.channel.socket.nio.NioClientBoss.process(NioClientBoss.java:83)
	at org.jboss.netty.channel.socket.nio.AbstractNioSelector.run(AbstractNioSelector.java:337)
	at org.jboss.netty.channel.socket.nio.NioClientBoss.run(NioClientBoss.java:42)
	at org.jboss.netty.util.ThreadRenamingRunnable.run(ThreadRenamingRunnable.java:108)
	at org.jboss.netty.util.internal.DeadLockProofWorker$1.run(DeadLockProofWorker.java:42)
	at java.util.concurrent.ThreadPoolExecutor.runWorker(ThreadPoolExecutor.java:1142)
	at java.util.concurrent.ThreadPoolExecutor$Worker.run(ThreadPoolExecutor.java:617)
	at java.lang.Thread.run(Thread.java:745)
[2017-08-02 20:23:23] 8534147 [pool-9-thread-115] ERROR iohandler.SimpleRpcClientIoHandler  - [GasClient_10.10.10.33_9102] catch exception for channel: -1357790569
org.jboss.netty.channel.ConnectTimeoutException: connection timed out: /10.10.10.33:9102
	at org.jboss.netty.channel.socket.nio.NioClientBoss.processConnectTimeout(NioClientBoss.java:139)
	at org.jboss.netty.channel.socket.nio.NioClientBoss.process(NioClientBoss.java:83)
	at org.jboss.netty.channel.socket.nio.AbstractNioSelector.run(AbstractNioSelector.java:337)
	at org.jboss.netty.channel.socket.nio.NioClientBoss.run(NioClientBoss.java:42)
	at org.jboss.netty.util.ThreadRenamingRunnable.run(ThreadRenamingRunnable.java:108)
	at org.jboss.netty.util.internal.DeadLockProofWorker$1.run(DeadLockProofWorker.java:42)
	at java.util.concurrent.ThreadPoolExecutor.runWorker(ThreadPoolExecutor.java:1142)
	at java.util.concurrent.ThreadPoolExecutor$Worker.run(ThreadPoolExecutor.java:617)
	at java.lang.Thread.run(Thread.java:745)
[2017-08-02 20:23:33] 8544165 [New I/O boss #17] ERROR simple.SingleSimpleRpcClient  - java.util.concurrent.ExecutionException: com.hadoit.game.engine.core.rpc.base.exception.RpcConnectException: [GasClient_10.10.10.33_9102] connect to rpc server error and reaches max retries!
[2017-08-02 20:23:33] 8544165 [pool-4-thread-1] WARN  simple.SingleSimpleRpcClient  - [GasClient_10.10.10.33_9102] single simple rpc connection sleep 10.0s to reconnect...
[2017-08-02 20:23:33] 8544165 [pool-9-thread-115] ERROR iohandler.SimpleRpcClientIoHandler  - [GasClient_10.10.10.33_9102] catch exception for channel: 1331677910
org.jboss.netty.channel.ConnectTimeoutException: connection timed out: /10.10.10.33:9102
	at org.jboss.netty.channel.socket.nio.NioClientBoss.processConnectTimeout(NioClientBoss.java:139)
	at org.jboss.netty.channel.socket.nio.NioClientBoss.process(NioClientBoss.java:83)
	at org.jboss.netty.channel.socket.nio.AbstractNioSelector.run(AbstractNioSelector.java:337)
	at org.jboss.netty.channel.socket.nio.NioClientBoss.run(NioClientBoss.java:42)
	at org.jboss.netty.util.ThreadRenamingRunnable.run(ThreadRenamingRunnable.java:108)
	at org.jboss.netty.util.internal.DeadLockProofWorker$1.run(DeadLockProofWorker.java:42)
	at java.util.concurrent.ThreadPoolExecutor.runWorker(ThreadPoolExecutor.java:1142)
	at java.util.concurrent.ThreadPoolExecutor$Worker.run(ThreadPoolExecutor.java:617)
	at java.lang.Thread.run(Thread.java:745)
[2017-08-02 20:23:53] 8564239 [New I/O boss #17] ERROR simple.SingleSimpleRpcClient  - [GasClient_10.10.10.33_9102] connect to rpc server error and sleep 5.0s to retry#1
org.jboss.netty.channel.ConnectTimeoutException: connection timed out: /10.10.10.33:9102
	at org.jboss.netty.channel.socket.nio.NioClientBoss.processConnectTimeout(NioClientBoss.java:139)
	at org.jboss.netty.channel.socket.nio.NioClientBoss.process(NioClientBoss.java:83)
	at org.jboss.netty.channel.socket.nio.AbstractNioSelector.run(AbstractNioSelector.java:337)
	at org.jboss.netty.channel.socket.nio.NioClientBoss.run(NioClientBoss.java:42)
	at org.jboss.netty.util.ThreadRenamingRunnable.run(ThreadRenamingRunnable.java:108)
	at org.jboss.netty.util.internal.DeadLockProofWorker$1.run(DeadLockProofWorker.java:42)
	at java.util.concurrent.ThreadPoolExecutor.runWorker(ThreadPoolExecutor.java:1142)
	at java.util.concurrent.ThreadPoolExecutor$Worker.run(ThreadPoolExecutor.java:617)
	at java.lang.Thread.run(Thread.java:745)
[2017-08-02 20:23:58] 8569244 [pool-9-thread-115] ERROR iohandler.SimpleRpcClientIoHandler  - [GasClient_10.10.10.33_9102] catch exception for channel: 1052748470
org.jboss.netty.channel.ConnectTimeoutException: connection timed out: /10.10.10.33:9102
	at org.jboss.netty.channel.socket.nio.NioClientBoss.processConnectTimeout(NioClientBoss.java:139)
	at org.jboss.netty.channel.socket.nio.NioClientBoss.process(NioClientBoss.java:83)
	at org.jboss.netty.channel.socket.nio.AbstractNioSelector.run(AbstractNioSelector.java:337)
	at org.jboss.netty.channel.socket.nio.NioClientBoss.run(NioClientBoss.java:42)
	at org.jboss.netty.util.ThreadRenamingRunnable.run(ThreadRenamingRunnable.java:108)
	at org.jboss.netty.util.internal.DeadLockProofWorker$1.run(DeadLockProofWorker.java:42)
	at java.util.concurrent.ThreadPoolExecutor.runWorker(ThreadPoolExecutor.java:1142)
	at java.util.concurrent.ThreadPoolExecutor$Worker.run(ThreadPoolExecutor.java:617)
	at java.lang.Thread.run(Thread.java:745)
[2017-08-02 20:24:08] 8579264 [New I/O boss #17] ERROR simple.SingleSimpleRpcClient  - [GasClient_10.10.10.33_9102] connect to rpc server error and sleep 5.0s to retry#2
org.jboss.netty.channel.ConnectTimeoutException: connection timed out: /10.10.10.33:9102
	at org.jboss.netty.channel.socket.nio.NioClientBoss.processConnectTimeout(NioClientBoss.java:139)
	at org.jboss.netty.channel.socket.nio.NioClientBoss.process(NioClientBoss.java:83)
	at org.jboss.netty.channel.socket.nio.AbstractNioSelector.run(AbstractNioSelector.java:337)
	at org.jboss.netty.channel.socket.nio.NioClientBoss.run(NioClientBoss.java:42)
	at org.jboss.netty.util.ThreadRenamingRunnable.run(ThreadRenamingRunnable.java:108)
	at org.jboss.netty.util.internal.DeadLockProofWorker$1.run(DeadLockProofWorker.java:42)
	at java.util.concurrent.ThreadPoolExecutor.runWorker(ThreadPoolExecutor.java:1142)
	at java.util.concurrent.ThreadPoolExecutor$Worker.run(ThreadPoolExecutor.java:617)
	at java.lang.Thread.run(Thread.java:745)
[2017-08-02 20:24:13] 8584269 [pool-9-thread-115] ERROR iohandler.SimpleRpcClientIoHandler  - [GasClient_10.10.10.33_9102] catch exception for channel: -1032181689
org.jboss.netty.channel.ConnectTimeoutException: connection timed out: /10.10.10.33:9102
	at org.jboss.netty.channel.socket.nio.NioClientBoss.processConnectTimeout(NioClientBoss.java:139)
	at org.jboss.netty.channel.socket.nio.NioClientBoss.process(NioClientBoss.java:83)
	at org.jboss.netty.channel.socket.nio.AbstractNioSelector.run(AbstractNioSelector.java:337)
	at org.jboss.netty.channel.socket.nio.NioClientBoss.run(NioClientBoss.java:42)
	at org.jboss.netty.util.ThreadRenamingRunnable.run(ThreadRenamingRunnable.java:108)
	at org.jboss.netty.util.internal.DeadLockProofWorker$1.run(DeadLockProofWorker.java:42)
	at java.util.concurrent.ThreadPoolExecutor.runWorker(ThreadPoolExecutor.java:1142)
	at java.util.concurrent.ThreadPoolExecutor$Worker.run(ThreadPoolExecutor.java:617)
	at java.lang.Thread.run(Thread.java:745)
